Using pre-set license
Built from '2021.1/staging' branch; Version is '2021.1.25f1 (b6f2b893ea32) revision 11989688'; Using compiler version '192528614'; Build Type 'Release'
OS: 'Windows 10 Home; OS build 19041.630; Version 2004; 64bit' Language: 'pl' Physical Memory: 16342 MB
BatchMode: 1, IsHumanControllingUs: 0, StartBugReporterOnCrash: 0, Is64bit: 1, IsPro: 0

COMMAND LINE ARGUMENTS:
C:\Program Files\Unity\Hub\Editor\2021.1.25f1\Editor\Unity.exe
-adb2
-batchMode
-noUpm
-name
AssetImportWorker0
-projectPath
D:/gra spec spocuchy/Gra3/3d unity blender fps
-logFile
Logs/AssetImportWorker0.log
-srvPort
2841
Successfully changed project path to: D:/gra spec spocuchy/Gra3/3d unity blender fps
D:/gra spec spocuchy/Gra3/3d unity blender fps
Using Asset Import Pipeline V2.
Refreshing native plugins compatible for Editor in 110.08 ms, found 3 plugins.
Preloading 0 native plugins for Editor in 0.00 ms.
Initialize engine version: 2021.1.25f1 (b6f2b893ea32)
[Subsystems] Discovering subsystems at path C:/Program Files/Unity/Hub/Editor/2021.1.25f1/Editor/Data/Resources/UnitySubsystems
[Subsystems] Discovering subsystems at path D:/gra spec spocuchy/Gra3/3d unity blender fps/Assets
GfxDevice: creating device client; threaded=0; jobified=0
Direct3D:
    Version:  Direct3D 11.0 [level 11.1]
    Renderer: NVIDIA GeForce GTX 970 (ID=0x13c2)
    Vendor:   NVIDIA
    VRAM:     4043 MB
    Driver:   26.21.14.3200
Initialize mono
Mono path[0] = 'C:/Program Files/Unity/Hub/Editor/2021.1.25f1/Editor/Data/Managed'
Mono path[1] = 'C:/Program Files/Unity/Hub/Editor/2021.1.25f1/Editor/Data/MonoBleedingEdge/lib/mono/unityjit'
Mono config path = 'C:/Program Files/Unity/Hub/Editor/2021.1.25f1/Editor/Data/MonoBleedingEdge/etc'
Using monoOptions --debugger-agent=transport=dt_socket,embedding=1,server=y,suspend=n,address=127.0.0.1:56904
Begin MonoManager ReloadAssembly
Registering precompiled unity dll's ...
Register platform support module: C:/Program Files/Unity/Hub/Editor/2021.1.25f1/Editor/Data/PlaybackEngines/WindowsStandaloneSupport/UnityEditor.WindowsStandalone.Extensions.dll
Registered in 0.002984 seconds.
Native extension for WindowsStandalone target not found
Refreshing native plugins compatible for Editor in 130.22 ms, found 3 plugins.
Preloading 0 native plugins for Editor in 0.00 ms.
Mono: successfully reloaded assembly
- Completed reload, in  1.785 seconds
Domain Reload Profiling:
	ReloadAssembly (1786ms)
		BeginReloadAssembly (89ms)
			ExecutionOrderSort (0ms)
			DisableScriptedObjects (0ms)
			BackupInstance (0ms)
			ReleaseScriptingObjects (0ms)
			CreateAndSetChildDomain (1ms)
		EndReloadAssembly (692ms)
			LoadAssemblies (85ms)
			RebuildTransferFunctionScriptingTraits (0ms)
			SetupTypeCache (219ms)
			ReleaseScriptCaches (0ms)
			RebuildScriptCaches (46ms)
			SetupLoadedEditorAssemblies (354ms)
				LogAssemblyErrors (0ms)
				InitializePlatformSupportModulesInManaged (9ms)
				SetLoadedEditorAssemblies (0ms)
				RefreshPlugins (130ms)
				BeforeProcessingInitializeOnLoad (1ms)
				ProcessInitializeOnLoadAttributes (173ms)
				ProcessInitializeOnLoadMethodAttributes (40ms)
				AfterProcessingInitializeOnLoad (0ms)
				EditorAssembliesLoaded (0ms)
			ExecutionOrderSort2 (0ms)
			AwakeInstancesAfterBackupRestoration (0ms)
Platform modules already initialized, skipping
Registering precompiled user dll's ...
Registered in 0.004492 seconds.
Begin MonoManager ReloadAssembly
Symbol file LoadedFromMemory doesn't match image D:\gra spec spocuchy\Gra3\3d unity blender fps\Library\PackageCache\com.unity.visualscripting@1.6.1\Editor\VisualScripting.Core\Dependencies\YamlDotNet\Unity.VisualScripting.YamlDotNet.dll
Symbol file LoadedFromMemory doesn't match image D:\gra spec spocuchy\Gra3\3d unity blender fps\Library\PackageCache\com.unity.visualscripting@1.6.1\Editor\VisualScripting.Core\Dependencies\DotNetZip\Unity.VisualScripting.IonicZip.dll
Native extension for WindowsStandalone target not found
Refreshing native plugins compatible for Editor in 0.67 ms, found 3 plugins.
Preloading 0 native plugins for Editor in 0.00 ms.
Mono: successfully reloaded assembly
- Completed reload, in  1.941 seconds
Domain Reload Profiling:
	ReloadAssembly (1942ms)
		BeginReloadAssembly (239ms)
			ExecutionOrderSort (0ms)
			DisableScriptedObjects (9ms)
			BackupInstance (0ms)
			ReleaseScriptingObjects (0ms)
			CreateAndSetChildDomain (24ms)
		EndReloadAssembly (1626ms)
			LoadAssemblies (118ms)
			RebuildTransferFunctionScriptingTraits (0ms)
			SetupTypeCache (449ms)
			ReleaseScriptCaches (1ms)
			RebuildScriptCaches (96ms)
			SetupLoadedEditorAssemblies (595ms)
				LogAssemblyErrors (0ms)
				InitializePlatformSupportModulesInManaged (6ms)
				SetLoadedEditorAssemblies (1ms)
				RefreshPlugins (1ms)
				BeforeProcessingInitializeOnLoad (108ms)
				ProcessInitializeOnLoadAttributes (458ms)
				ProcessInitializeOnLoadMethodAttributes (8ms)
				AfterProcessingInitializeOnLoad (13ms)
				EditorAssembliesLoaded (0ms)
			ExecutionOrderSort2 (0ms)
			AwakeInstancesAfterBackupRestoration (12ms)
Platform modules already initialized, skipping
========================================================================
Worker process is ready to serve import requests
Launched and connected shader compiler UnityShaderCompiler.exe after 0.12 seconds
Refreshing native plugins compatible for Editor in 0.66 ms, found 3 plugins.
Preloading 0 native plugins for Editor in 0.00 ms.
Unloading 2968 Unused Serialized files (Serialized files now loaded: 0)
System memory in use before: 108.7 MB.
System memory in use after: 108.9 MB.

Unloading 20 unused Assets to reduce memory usage. Loaded Objects now: 3416.
Total: 3.954000 ms (FindLiveObjects: 0.265100 ms CreateObjectMapping: 0.510300 ms MarkObjects: 3.100500 ms  DeleteObjects: 0.076900 ms)

AssetImportParameters requested are different than current active one (requested -> active):
  custom:framework-win-MediaFoundation: 216162199b28c13a410421893ffa2e32 -> 
  custom:video-decoder-ogg-theora: a1e56fd34408186e4bbccfd4996cb3dc -> 
  custom:container-muxer-webm: aa71ff27fc2769a1b78a27578f13a17b -> 
  custom:container-demuxer-webm: 4f35f7cbe854078d1ac9338744f61a02 -> 
  custom:container-demuxer-ogg: 62fdf1f143b41e24485cea50d1cbac27 -> 
  custom:video-encoder-webm-vp8: eb34c28f22e8b96e1ab97ce403110664 -> 
  custom:video-codec-MediaFoundation-h265: 746d11721c4dcdbdad8f713fa42b33f4 -> 
  custom:video-decoder-webm-vp8: 9c59270c3fd7afecdb556c50c9e8de78 -> 
  custom:audio-decoder-ogg-vorbis: bf7c407c2cedff20999df2af8eb42d56 -> 
  custom:audio-encoder-webm-vorbis: bf7c407c2cedff20999df2af8eb42d56 -> 
========================================================================
Received Import Request.
  path: Assets/New Folder
  artifactKey: Guid(107d9c0d90b664f4db772d02a5e63442) Importer(815301076,1909f56bfc062723c751e8b465ee728b)
Start importing Assets/New Folder using Guid(107d9c0d90b664f4db772d02a5e63442) Importer(815301076,1909f56bfc062723c751e8b465ee728b)  -> (artifact id: 'e27d0c02b80ceccde17697340619b07f') in 0.010123 seconds 
========================================================================
Received Import Request.
  Time since last request: 0.000235 seconds.
  path: Assets/modele blender
  artifactKey: Guid(38031ab51d349d141a97f2d8596959e4) Importer(815301076,1909f56bfc062723c751e8b465ee728b)
Start importing Assets/modele blender using Guid(38031ab51d349d141a97f2d8596959e4) Importer(815301076,1909f56bfc062723c751e8b465ee728b)  -> (artifact id: 'b3fc6ea8cd4ad3ad9e4e98b3209d14b5') in 0.005747 seconds 
========================================================================
Received Import Request.
  Time since last request: 8.404286 seconds.
  path: Assets/modele blender/mapa.fbx
  artifactKey: Guid(94ee49adf5132e64dbad5dadb2c4726c) Importer(815301076,1909f56bfc062723c751e8b465ee728b)
Start importing Assets/modele blender/mapa.fbx using Guid(94ee49adf5132e64dbad5dadb2c4726c) Importer(815301076,1909f56bfc062723c751e8b465ee728b)  -> (artifact id: '429b6c2489242dd53cebc6fb592e6378') in 0.325533 seconds 
========================================================================
Received Import Request.
  Time since last request: 239.768480 seconds.
  path: Assets/Materials
  artifactKey: Guid(801b6012511537f4b8769b41ee8be4f5) Importer(815301076,1909f56bfc062723c751e8b465ee728b)
Start importing Assets/Materials using Guid(801b6012511537f4b8769b41ee8be4f5) Importer(815301076,1909f56bfc062723c751e8b465ee728b)  -> (artifact id: '744b6293017a6907f7943ce43e34ffde') in 0.007468 seconds 
========================================================================
Received Import Request.
  Time since last request: 0.024101 seconds.
  path: Assets/Materials/black.mat
  artifactKey: Guid(8b702f0931e86cf479ca3674023770bd) Importer(815301076,1909f56bfc062723c751e8b465ee728b)
Start importing Assets/Materials/black.mat using Guid(8b702f0931e86cf479ca3674023770bd) Importer(815301076,1909f56bfc062723c751e8b465ee728b)  -> (artifact id: '88b567cbe8b3fcc117e582cd0d60bbd9') in 0.037901 seconds 
========================================================================
Received Prepare
Registering precompiled user dll's ...
Registered in 0.004392 seconds.
Begin MonoManager ReloadAssembly
Symbol file LoadedFromMemory doesn't match image D:\gra spec spocuchy\Gra3\3d unity blender fps\Library\PackageCache\com.unity.visualscripting@1.6.1\Editor\VisualScripting.Core\Dependencies\YamlDotNet\Unity.VisualScripting.YamlDotNet.dll
Symbol file LoadedFromMemory doesn't match image D:\gra spec spocuchy\Gra3\3d unity blender fps\Library\PackageCache\com.unity.visualscripting@1.6.1\Editor\VisualScripting.Core\Dependencies\DotNetZip\Unity.VisualScripting.IonicZip.dll
Native extension for WindowsStandalone target not found
Refreshing native plugins compatible for Editor in 0.66 ms, found 3 plugins.
Preloading 0 native plugins for Editor in 0.00 ms.
Mono: successfully reloaded assembly
- Completed reload, in  1.419 seconds
Domain Reload Profiling:
	ReloadAssembly (1420ms)
		BeginReloadAssembly (180ms)
			ExecutionOrderSort (0ms)
			DisableScriptedObjects (5ms)
			BackupInstance (0ms)
			ReleaseScriptingObjects (0ms)
			CreateAndSetChildDomain (48ms)
		EndReloadAssembly (1142ms)
			LoadAssemblies (145ms)
			RebuildTransferFunctionScriptingTraits (0ms)
			SetupTypeCache (458ms)
			ReleaseScriptCaches (1ms)
			RebuildScriptCaches (59ms)
			SetupLoadedEditorAssemblies (365ms)
				LogAssemblyErrors (0ms)
				InitializePlatformSupportModulesInManaged (8ms)
				SetLoadedEditorAssemblies (1ms)
				RefreshPlugins (1ms)
				BeforeProcessingInitializeOnLoad (63ms)
				ProcessInitializeOnLoadAttributes (278ms)
				ProcessInitializeOnLoadMethodAttributes (6ms)
				AfterProcessingInitializeOnLoad (9ms)
				EditorAssembliesLoaded (0ms)
			ExecutionOrderSort2 (0ms)
			AwakeInstancesAfterBackupRestoration (11ms)
Platform modules already initialized, skipping
Refreshing native plugins compatible for Editor in 0.69 ms, found 3 plugins.
Preloading 0 native plugins for Editor in 0.00 ms.
Unloading 2962 Unused Serialized files (Serialized files now loaded: 0)
System memory in use before: 112.6 MB.
System memory in use after: 112.8 MB.

Unloading 16 unused Assets to reduce memory usage. Loaded Objects now: 3461.
Total: 4.058700 ms (FindLiveObjects: 0.293700 ms CreateObjectMapping: 0.211800 ms MarkObjects: 3.525900 ms  DeleteObjects: 0.026100 ms)

AssetImportParameters requested are different than current active one (requested -> active):
  custom:framework-win-MediaFoundation: 216162199b28c13a410421893ffa2e32 -> 
  custom:video-decoder-ogg-theora: a1e56fd34408186e4bbccfd4996cb3dc -> 
  custom:container-muxer-webm: aa71ff27fc2769a1b78a27578f13a17b -> 
  custom:container-demuxer-webm: 4f35f7cbe854078d1ac9338744f61a02 -> 
  custom:container-demuxer-ogg: 62fdf1f143b41e24485cea50d1cbac27 -> 
  custom:video-encoder-webm-vp8: eb34c28f22e8b96e1ab97ce403110664 -> 
  custom:video-codec-MediaFoundation-h265: 746d11721c4dcdbdad8f713fa42b33f4 -> 
  custom:video-decoder-webm-vp8: 9c59270c3fd7afecdb556c50c9e8de78 -> 
  custom:audio-decoder-ogg-vorbis: bf7c407c2cedff20999df2af8eb42d56 -> 
  custom:audio-encoder-webm-vorbis: bf7c407c2cedff20999df2af8eb42d56 -> 
========================================================================
Received Import Request.
  Time since last request: 13.910785 seconds.
  path: Assets/Materials/rock.mat
  artifactKey: Guid(56cdb2ff18359d94d83310fefb0d8272) Importer(815301076,1909f56bfc062723c751e8b465ee728b)
Start importing Assets/Materials/rock.mat using Guid(56cdb2ff18359d94d83310fefb0d8272) Importer(815301076,1909f56bfc062723c751e8b465ee728b)  -> (artifact id: 'd09a632487354916ff08712e848ac46a') in 0.076251 seconds 
========================================================================
Received Import Request.
  Time since last request: 18.587675 seconds.
  path: Assets/Low Poly FPS Pack - Free (Sample)/Components/Textures_&_Sprites/Arm_Textures/Arm_Texture_Digital_Camo_Desert_01.png
  artifactKey: Guid(bc0f6ba7d368c9d46a24cd49811bee77) Importer(815301076,1909f56bfc062723c751e8b465ee728b)
Start importing Assets/Low Poly FPS Pack - Free (Sample)/Components/Textures_&_Sprites/Arm_Textures/Arm_Texture_Digital_Camo_Desert_01.png using Guid(bc0f6ba7d368c9d46a24cd49811bee77) Importer(815301076,1909f56bfc062723c751e8b465ee728b)  -> (artifact id: 'b5381b9abe5a5acdd510b125ad7c6d18') in 0.055950 seconds 
========================================================================
Received Import Request.
  Time since last request: 0.000233 seconds.
  path: Assets/Low Poly FPS Pack - Free (Sample)/Components/Demo_Scene_Components/Textures_&_Sprites/Prototype_Textures/Prototype_Texture 1.png
  artifactKey: Guid(899846f6cffb7a9418ac07391fb6ab11) Importer(815301076,1909f56bfc062723c751e8b465ee728b)
Start importing Assets/Low Poly FPS Pack - Free (Sample)/Components/Demo_Scene_Components/Textures_&_Sprites/Prototype_Textures/Prototype_Texture 1.png using Guid(899846f6cffb7a9418ac07391fb6ab11) Importer(815301076,1909f56bfc062723c751e8b465ee728b)  -> (artifact id: '152dfe9e04f1edf75670126e81c5fc97') in 0.020049 seconds 
========================================================================
Received Import Request.
  Time since last request: 0.000292 seconds.
  path: Assets/Low Poly FPS Pack - Free (Sample)/Components/Textures_&_Sprites/Particles/bullet_glow_texture_bg.png
  artifactKey: Guid(d42b56c1ec6975a47939b051c571a02c) Importer(815301076,1909f56bfc062723c751e8b465ee728b)
Start importing Assets/Low Poly FPS Pack - Free (Sample)/Components/Textures_&_Sprites/Particles/bullet_glow_texture_bg.png using Guid(d42b56c1ec6975a47939b051c571a02c) Importer(815301076,1909f56bfc062723c751e8b465ee728b)  -> (artifact id: 'b0ecb6bff69cab20bbf7900a6f449dad') in 0.020562 seconds 
========================================================================
Received Import Request.
  Time since last request: 0.000305 seconds.
  path: Assets/Low Poly FPS Pack - Free (Sample)/Components/Textures_&_Sprites/Particles/Ember_Particle_Texture.png
  artifactKey: Guid(a1e67f3f2cb994f43bf1fd1d4e679c22) Importer(815301076,1909f56bfc062723c751e8b465ee728b)
Start importing Assets/Low Poly FPS Pack - Free (Sample)/Components/Textures_&_Sprites/Particles/Ember_Particle_Texture.png using Guid(a1e67f3f2cb994f43bf1fd1d4e679c22) Importer(815301076,1909f56bfc062723c751e8b465ee728b)  -> (artifact id: 'cc381f1b2e818a5bd100ec024367b094') in 0.023677 seconds 
========================================================================
Received Import Request.
  Time since last request: 0.000260 seconds.
  path: Assets/Low Poly FPS Pack - Free (Sample)/Components/Textures_&_Sprites/Arm_Textures/Arm_Texture_Digital_Camo_Desert_02.png
  artifactKey: Guid(e5210d7dfca9b5845afc367257800f16) Importer(815301076,1909f56bfc062723c751e8b465ee728b)
Start importing Assets/Low Poly FPS Pack - Free (Sample)/Components/Textures_&_Sprites/Arm_Textures/Arm_Texture_Digital_Camo_Desert_02.png using Guid(e5210d7dfca9b5845afc367257800f16) Importer(815301076,1909f56bfc062723c751e8b465ee728b)  -> (artifact id: 'd3f1ee1a72ae5e61b56ff9fcb5e2c1df') in 0.018791 seconds 
========================================================================
Received Import Request.
  Time since last request: 0.000240 seconds.
  path: Assets/Low Poly FPS Pack - Free (Sample)/Components/Textures_&_Sprites/Particles/Flame_Particle_Texture.png
  artifactKey: Guid(afb4c0bd0bbc7d54099a7826bb88ec4b) Importer(815301076,1909f56bfc062723c751e8b465ee728b)
Start importing Assets/Low Poly FPS Pack - Free (Sample)/Components/Textures_&_Sprites/Particles/Flame_Particle_Texture.png using Guid(afb4c0bd0bbc7d54099a7826bb88ec4b) Importer(815301076,1909f56bfc062723c751e8b465ee728b)  -> (artifact id: '6207d9245ac668538134a75fb217913b') in 0.018935 seconds 
========================================================================
Received Import Request.
  Time since last request: 0.000226 seconds.
  path: Assets/Low Poly FPS Pack - Free (Sample)/Components/Textures_&_Sprites/Particles/SparksParticleTexture2.png
  artifactKey: Guid(e0ed79ffbec3d7e4eb26bafbbfd4a322) Importer(815301076,1909f56bfc062723c751e8b465ee728b)
Start importing Assets/Low Poly FPS Pack - Free (Sample)/Components/Textures_&_Sprites/Particles/SparksParticleTexture2.png using Guid(e0ed79ffbec3d7e4eb26bafbbfd4a322) Importer(815301076,1909f56bfc062723c751e8b465ee728b)  -> (artifact id: 'b4c74a9d776b00010f9ea8c80c516993') in 0.022280 seconds 
========================================================================
Received Import Request.
  Time since last request: 0.000226 seconds.
  path: Assets/Low Poly FPS Pack - Free (Sample)/Components/Textures_&_Sprites/Particles/Metal_Bullet_Hole_Particle_Texture.png
  artifactKey: Guid(60a4be9f303d3224b8b249f14fc202d3) Importer(815301076,1909f56bfc062723c751e8b465ee728b)
Start importing Assets/Low Poly FPS Pack - Free (Sample)/Components/Textures_&_Sprites/Particles/Metal_Bullet_Hole_Particle_Texture.png using Guid(60a4be9f303d3224b8b249f14fc202d3) Importer(815301076,1909f56bfc062723c751e8b465ee728b)  -> (artifact id: '797518af3987701a751b309fc7178085') in 0.021144 seconds 
========================================================================
Received Import Request.
  Time since last request: 0.000217 seconds.
  path: Assets/Low Poly FPS Pack - Free (Sample)/Components/Textures_&_Sprites/Particles/Smoke_Particle_Spritesheet2.png
  artifactKey: Guid(724340ea77ad3b2499a718138ca3cfa8) Importer(815301076,1909f56bfc062723c751e8b465ee728b)
Start importing Assets/Low Poly FPS Pack - Free (Sample)/Components/Textures_&_Sprites/Particles/Smoke_Particle_Spritesheet2.png using Guid(724340ea77ad3b2499a718138ca3cfa8) Importer(815301076,1909f56bfc062723c751e8b465ee728b)  -> (artifact id: '2600d57a2d3603cb5f745210eee602fe') in 0.023082 seconds 
========================================================================
Received Import Request.
  Time since last request: 0.000223 seconds.
  path: Assets/RPGPP_LT/Textures/rpgpp_lt_tex_a.tga
  artifactKey: Guid(0bb174f69c9851a48b09bf7d8180c39e) Importer(815301076,1909f56bfc062723c751e8b465ee728b)
Start importing Assets/RPGPP_LT/Textures/rpgpp_lt_tex_a.tga using Guid(0bb174f69c9851a48b09bf7d8180c39e) Importer(815301076,1909f56bfc062723c751e8b465ee728b)  -> (artifact id: 'c4dad03777eb8f66d3372568f3a5c87f') in 0.019131 seconds 
========================================================================
Received Import Request.
  Time since last request: 0.000227 seconds.
  path: Assets/Low Poly FPS Pack - Free (Sample)/Components/Demo_Scene_Components/Textures_&_Sprites/Weapon_Showcase_Textures/Weapon_Showcase_Shadow_Texture.png
  artifactKey: Guid(27d10abcb5ddfd84f9ffc5760350e429) Importer(815301076,1909f56bfc062723c751e8b465ee728b)
Start importing Assets/Low Poly FPS Pack - Free (Sample)/Components/Demo_Scene_Components/Textures_&_Sprites/Weapon_Showcase_Textures/Weapon_Showcase_Shadow_Texture.png using Guid(27d10abcb5ddfd84f9ffc5760350e429) Importer(815301076,1909f56bfc062723c751e8b465ee728b)  -> (artifact id: '3b3e5ec21a30f603856bbcd0bf42a144') in 0.028755 seconds 
========================================================================
Received Import Request.
  Time since last request: 0.000228 seconds.
  path: Assets/Low Poly FPS Pack - Free (Sample)/Components/Textures_&_Sprites/Particles/Smoke_Particle_Texture.png
  artifactKey: Guid(674087750461e8b488460fee85c245aa) Importer(815301076,1909f56bfc062723c751e8b465ee728b)
Start importing Assets/Low Poly FPS Pack - Free (Sample)/Components/Textures_&_Sprites/Particles/Smoke_Particle_Texture.png using Guid(674087750461e8b488460fee85c245aa) Importer(815301076,1909f56bfc062723c751e8b465ee728b)  -> (artifact id: '2b512890ae93f39d6977fee4baedfe52') in 0.016310 seconds 
========================================================================
Received Import Request.
  Time since last request: 0.000309 seconds.
  path: Assets/Low Poly FPS Pack - Free (Sample)/Components/Textures_&_Sprites/Particles/Shockwave Particle Texture.png
  artifactKey: Guid(1698f4d0a719bd6489d1129895b81235) Importer(815301076,1909f56bfc062723c751e8b465ee728b)
Start importing Assets/Low Poly FPS Pack - Free (Sample)/Components/Textures_&_Sprites/Particles/Shockwave Particle Texture.png using Guid(1698f4d0a719bd6489d1129895b81235) Importer(815301076,1909f56bfc062723c751e8b465ee728b)  -> (artifact id: '10c121d6455a05087a05cd57bbc4df8b') in 0.019203 seconds 
========================================================================
Received Import Request.
  Time since last request: 0.000238 seconds.
  path: Assets/Low Poly FPS Pack - Free (Sample)/Components/Textures_&_Sprites/Low Poly FPS Pack Texture.png
  artifactKey: Guid(d95c2d78760056742b2649f04974b45f) Importer(815301076,1909f56bfc062723c751e8b465ee728b)
Start importing Assets/Low Poly FPS Pack - Free (Sample)/Components/Textures_&_Sprites/Low Poly FPS Pack Texture.png using Guid(d95c2d78760056742b2649f04974b45f) Importer(815301076,1909f56bfc062723c751e8b465ee728b)  -> (artifact id: 'f7b14b9e0d54bc4fe67dbc62eabad09d') in 0.015103 seconds 
========================================================================
Received Import Request.
  Time since last request: 0.000220 seconds.
  path: Assets/Low Poly FPS Pack - Free (Sample)/Components/Textures_&_Sprites/UI/handgun_01_icon.png
  artifactKey: Guid(d6e4dc2ab496ac845a119b14c5abbb91) Importer(815301076,1909f56bfc062723c751e8b465ee728b)
Start importing Assets/Low Poly FPS Pack - Free (Sample)/Components/Textures_&_Sprites/UI/handgun_01_icon.png using Guid(d6e4dc2ab496ac845a119b14c5abbb91) Importer(815301076,1909f56bfc062723c751e8b465ee728b)  -> (artifact id: '15aefea05ce33f7872c72e4c8edb8bdb') in 0.018406 seconds 
========================================================================
Received Import Request.
  Time since last request: 0.000232 seconds.
  path: Assets/RPGPP_LT/Textures/rpgpp_lt_sky_a.tga
  artifactKey: Guid(5c4fa0e44769f8f46a06d96031e56a4e) Importer(815301076,1909f56bfc062723c751e8b465ee728b)
Start importing Assets/RPGPP_LT/Textures/rpgpp_lt_sky_a.tga using Guid(5c4fa0e44769f8f46a06d96031e56a4e) Importer(815301076,1909f56bfc062723c751e8b465ee728b)  -> (artifact id: 'a92ddfa3108c4f428a8e6474f3bd3aeb') in 0.013971 seconds 
========================================================================
Received Import Request.
  Time since last request: 0.000230 seconds.
  path: Assets/Low Poly FPS Pack - Free (Sample)/Components/Textures_&_Sprites/Particles/Smoke_Sprite_Texture_02.png
  artifactKey: Guid(ba33e6e7aba5ef84f8d63f47ddb6a82a) Importer(815301076,1909f56bfc062723c751e8b465ee728b)
Start importing Assets/Low Poly FPS Pack - Free (Sample)/Components/Textures_&_Sprites/Particles/Smoke_Sprite_Texture_02.png using Guid(ba33e6e7aba5ef84f8d63f47ddb6a82a) Importer(815301076,1909f56bfc062723c751e8b465ee728b)  -> (artifact id: 'c14e1a7572b1593bcacda2c4fdc5aa5a') in 0.016432 seconds 
========================================================================
Received Import Request.
  Time since last request: 0.000216 seconds.
  path: Assets/Low Poly FPS Pack - Free (Sample)/Components/Textures_&_Sprites/UI/Grenade_UI_Texture.png
  artifactKey: Guid(b3e76a068a948184aa9a5ffe4d7c5fed) Importer(815301076,1909f56bfc062723c751e8b465ee728b)
Start importing Assets/Low Poly FPS Pack - Free (Sample)/Components/Textures_&_Sprites/UI/Grenade_UI_Texture.png using Guid(b3e76a068a948184aa9a5ffe4d7c5fed) Importer(815301076,1909f56bfc062723c751e8b465ee728b)  -> (artifact id: 'eead40d1e42bcb5c00186d6068765ee0') in 0.023984 seconds 
========================================================================
Received Import Request.
  Time since last request: 0.000225 seconds.
  path: Assets/Low Poly FPS Pack - Free (Sample)/Components/Demo_Scene_Components/Textures_&_Sprites/Demo Scene Texture.png
  artifactKey: Guid(51db2eaa32eff334a9a463b185f054bc) Importer(815301076,1909f56bfc062723c751e8b465ee728b)
Start importing Assets/Low Poly FPS Pack - Free (Sample)/Components/Demo_Scene_Components/Textures_&_Sprites/Demo Scene Texture.png using Guid(51db2eaa32eff334a9a463b185f054bc) Importer(815301076,1909f56bfc062723c751e8b465ee728b)  -> (artifact id: '384f49e589dc521d4afaedf17cbc7b3c') in 0.028047 seconds 
========================================================================
Received Import Request.
  Time since last request: 0.000312 seconds.
  path: Assets/Low Poly FPS Pack - Free (Sample)/Components/Textures_&_Sprites/UI/assault_rifle_01_icon.png
  artifactKey: Guid(364206cb355dcf7479b2cdec20b8ec68) Importer(815301076,1909f56bfc062723c751e8b465ee728b)
Start importing Assets/Low Poly FPS Pack - Free (Sample)/Components/Textures_&_Sprites/UI/assault_rifle_01_icon.png using Guid(364206cb355dcf7479b2cdec20b8ec68) Importer(815301076,1909f56bfc062723c751e8b465ee728b)  -> (artifact id: '6f6db33a51243e9be98a7ed81bcd3490') in 0.023140 seconds 
========================================================================
Received Import Request.
  Time since last request: 0.000240 seconds.
  path: Assets/Low Poly FPS Pack - Free (Sample)/Components/Textures_&_Sprites/Particles/Burn_Mark_Particle_Texture.png
  artifactKey: Guid(e21f33b098c484c4895c7a6bc068897a) Importer(815301076,1909f56bfc062723c751e8b465ee728b)
Start importing Assets/Low Poly FPS Pack - Free (Sample)/Components/Textures_&_Sprites/Particles/Burn_Mark_Particle_Texture.png using Guid(e21f33b098c484c4895c7a6bc068897a) Importer(815301076,1909f56bfc062723c751e8b465ee728b)  -> (artifact id: '33c5b63880db3061ad8db54b83aa3ae4') in 0.015882 seconds 
========================================================================
Received Import Request.
  Time since last request: 0.000204 seconds.
  path: Assets/Low Poly FPS Pack - Free (Sample)/Components/Textures_&_Sprites/Arm_Textures/Arm_Texture_Digital_Camo_Desert_03.png
  artifactKey: Guid(ed4993ebb71b7e24e8a0fab20fa154cd) Importer(815301076,1909f56bfc062723c751e8b465ee728b)
Start importing Assets/Low Poly FPS Pack - Free (Sample)/Components/Textures_&_Sprites/Arm_Textures/Arm_Texture_Digital_Camo_Desert_03.png using Guid(ed4993ebb71b7e24e8a0fab20fa154cd) Importer(815301076,1909f56bfc062723c751e8b465ee728b)  -> (artifact id: 'ab1c87600a73dc2a2b73af43e0680183') in 0.020506 seconds 
========================================================================
Received Prepare
Registering precompiled user dll's ...
Registered in 0.004150 seconds.
Begin MonoManager ReloadAssembly
Symbol file LoadedFromMemory doesn't match image D:\gra spec spocuchy\Gra3\3d unity blender fps\Library\PackageCache\com.unity.visualscripting@1.6.1\Editor\VisualScripting.Core\Dependencies\YamlDotNet\Unity.VisualScripting.YamlDotNet.dll
Symbol file LoadedFromMemory doesn't match image D:\gra spec spocuchy\Gra3\3d unity blender fps\Library\PackageCache\com.unity.visualscripting@1.6.1\Editor\VisualScripting.Core\Dependencies\DotNetZip\Unity.VisualScripting.IonicZip.dll
Native extension for WindowsStandalone target not found
Refreshing native plugins compatible for Editor in 0.64 ms, found 3 plugins.
Preloading 0 native plugins for Editor in 0.00 ms.
Mono: successfully reloaded assembly
- Completed reload, in  1.349 seconds
Domain Reload Profiling:
	ReloadAssembly (1349ms)
		BeginReloadAssembly (152ms)
			ExecutionOrderSort (0ms)
			DisableScriptedObjects (5ms)
			BackupInstance (0ms)
			ReleaseScriptingObjects (0ms)
			CreateAndSetChildDomain (45ms)
		EndReloadAssembly (1123ms)
			LoadAssemblies (118ms)
			RebuildTransferFunctionScriptingTraits (0ms)
			SetupTypeCache (466ms)
			ReleaseScriptCaches (1ms)
			RebuildScriptCaches (46ms)
			SetupLoadedEditorAssemblies (338ms)
				LogAssemblyErrors (0ms)
				InitializePlatformSupportModulesInManaged (6ms)
				SetLoadedEditorAssemblies (0ms)
				RefreshPlugins (1ms)
				BeforeProcessingInitializeOnLoad (61ms)
				ProcessInitializeOnLoadAttributes (256ms)
				ProcessInitializeOnLoadMethodAttributes (5ms)
				AfterProcessingInitializeOnLoad (9ms)
				EditorAssembliesLoaded (0ms)
			ExecutionOrderSort2 (0ms)
			AwakeInstancesAfterBackupRestoration (19ms)
Platform modules already initialized, skipping
Refreshing native plugins compatible for Editor in 0.65 ms, found 3 plugins.
Preloading 0 native plugins for Editor in 0.00 ms.
Unloading 2984 Unused Serialized files (Serialized files now loaded: 0)
System memory in use before: 139.7 MB.
System memory in use after: 139.9 MB.

Unloading 15 unused Assets to reduce memory usage. Loaded Objects now: 3798.
Total: 4.863900 ms (FindLiveObjects: 0.336900 ms CreateObjectMapping: 0.256600 ms MarkObjects: 4.236200 ms  DeleteObjects: 0.032800 ms)

AssetImportParameters requested are different than current active one (requested -> active):
  custom:framework-win-MediaFoundation: 216162199b28c13a410421893ffa2e32 -> 
  custom:video-decoder-ogg-theora: a1e56fd34408186e4bbccfd4996cb3dc -> 
  custom:container-muxer-webm: aa71ff27fc2769a1b78a27578f13a17b -> 
  custom:container-demuxer-webm: 4f35f7cbe854078d1ac9338744f61a02 -> 
  custom:container-demuxer-ogg: 62fdf1f143b41e24485cea50d1cbac27 -> 
  custom:video-encoder-webm-vp8: eb34c28f22e8b96e1ab97ce403110664 -> 
  custom:video-codec-MediaFoundation-h265: 746d11721c4dcdbdad8f713fa42b33f4 -> 
  custom:video-decoder-webm-vp8: 9c59270c3fd7afecdb556c50c9e8de78 -> 
  custom:audio-decoder-ogg-vorbis: bf7c407c2cedff20999df2af8eb42d56 -> 
  custom:audio-encoder-webm-vorbis: bf7c407c2cedff20999df2af8eb42d56 -> 
========================================================================
Received Import Request.
  Time since last request: 66.903736 seconds.
  path: Assets/Materials/rock.mat
  artifactKey: Guid(56cdb2ff18359d94d83310fefb0d8272) Importer(815301076,1909f56bfc062723c751e8b465ee728b)
Start importing Assets/Materials/rock.mat using Guid(56cdb2ff18359d94d83310fefb0d8272) Importer(815301076,1909f56bfc062723c751e8b465ee728b)  -> (artifact id: '6da53151cffb245e91af50cb01c5a998') in 0.079739 seconds 
AssetImportWorkerClient::OnTransportError - code=2 error=End of file
