Using pre-set license
Built from '2021.1/staging' branch; Version is '2021.1.25f1 (b6f2b893ea32) revision 11989688'; Using compiler version '192528614'; Build Type 'Release'
OS: 'Windows 10 Pro; OS build 19042.1288; Version 2009; 64bit' Language: 'pl' Physical Memory: 16305 MB
BatchMode: 1, IsHumanControllingUs: 0, StartBugReporterOnCrash: 0, Is64bit: 1, IsPro: 0

COMMAND LINE ARGUMENTS:
D:\Unity\Hub\Editor\2021.1.25f1\Editor\Unity.exe
-adb2
-batchMode
-noUpm
-name
AssetImportWorker0
-projectPath
C:/Users/Admin/Desktop/kox gra/3d unity blender fps
-logFile
Logs/AssetImportWorker0.log
-srvPort
10833
Successfully changed project path to: C:/Users/Admin/Desktop/kox gra/3d unity blender fps
C:/Users/Admin/Desktop/kox gra/3d unity blender fps
Using Asset Import Pipeline V2.
Refreshing native plugins compatible for Editor in 72.81 ms, found 3 plugins.
Preloading 0 native plugins for Editor in 0.00 ms.
Initialize engine version: 2021.1.25f1 (b6f2b893ea32)
[Subsystems] Discovering subsystems at path D:/Unity/Hub/Editor/2021.1.25f1/Editor/Data/Resources/UnitySubsystems
[Subsystems] Discovering subsystems at path C:/Users/Admin/Desktop/kox gra/3d unity blender fps/Assets
GfxDevice: creating device client; threaded=0; jobified=0
Direct3D:
    Version:  Direct3D 11.0 [level 11.1]
    Renderer: NVIDIA GeForce RTX 2060 SUPER (ID=0x1f06)
    Vendor:   NVIDIA
    VRAM:     8031 MB
    Driver:   30.0.14.9649
Initialize mono
Mono path[0] = 'D:/Unity/Hub/Editor/2021.1.25f1/Editor/Data/Managed'
Mono path[1] = 'D:/Unity/Hub/Editor/2021.1.25f1/Editor/Data/MonoBleedingEdge/lib/mono/unityjit'
Mono config path = 'D:/Unity/Hub/Editor/2021.1.25f1/Editor/Data/MonoBleedingEdge/etc'
Using monoOptions --debugger-agent=transport=dt_socket,embedding=1,server=y,suspend=n,address=127.0.0.1:56052
Begin MonoManager ReloadAssembly
Registering precompiled unity dll's ...
Register platform support module: D:/Unity/Hub/Editor/2021.1.25f1/Editor/Data/PlaybackEngines/WindowsStandaloneSupport/UnityEditor.WindowsStandalone.Extensions.dll
Registered in 0.000820 seconds.
Native extension for WindowsStandalone target not found
Refreshing native plugins compatible for Editor in 77.08 ms, found 3 plugins.
Preloading 0 native plugins for Editor in 0.00 ms.
Mono: successfully reloaded assembly
- Completed reload, in  0.975 seconds
Domain Reload Profiling:
	ReloadAssembly (975ms)
		BeginReloadAssembly (55ms)
			ExecutionOrderSort (0ms)
			DisableScriptedObjects (0ms)
			BackupInstance (0ms)
			ReleaseScriptingObjects (0ms)
			CreateAndSetChildDomain (1ms)
		EndReloadAssembly (400ms)
			LoadAssemblies (55ms)
			RebuildTransferFunctionScriptingTraits (0ms)
			SetupTypeCache (134ms)
			ReleaseScriptCaches (0ms)
			RebuildScriptCaches (23ms)
			SetupLoadedEditorAssemblies (207ms)
				LogAssemblyErrors (0ms)
				InitializePlatformSupportModulesInManaged (5ms)
				SetLoadedEditorAssemblies (0ms)
				RefreshPlugins (77ms)
				BeforeProcessingInitializeOnLoad (1ms)
				ProcessInitializeOnLoadAttributes (99ms)
				ProcessInitializeOnLoadMethodAttributes (25ms)
				AfterProcessingInitializeOnLoad (0ms)
				EditorAssembliesLoaded (0ms)
			ExecutionOrderSort2 (0ms)
			AwakeInstancesAfterBackupRestoration (0ms)
Platform modules already initialized, skipping
Registering precompiled user dll's ...
Registered in 0.005783 seconds.
Begin MonoManager ReloadAssembly
Symbol file LoadedFromMemory doesn't match image C:\Users\Admin\Desktop\kox gra\3d unity blender fps\Library\PackageCache\com.unity.visualscripting@1.6.1\Editor\VisualScripting.Core\Dependencies\YamlDotNet\Unity.VisualScripting.YamlDotNet.dll
Symbol file LoadedFromMemory doesn't match image C:\Users\Admin\Desktop\kox gra\3d unity blender fps\Library\PackageCache\com.unity.visualscripting@1.6.1\Editor\VisualScripting.Core\Dependencies\DotNetZip\Unity.VisualScripting.IonicZip.dll
Native extension for WindowsStandalone target not found
Refreshing native plugins compatible for Editor in 0.66 ms, found 3 plugins.
Preloading 0 native plugins for Editor in 0.00 ms.
Mono: successfully reloaded assembly
- Completed reload, in  0.889 seconds
Domain Reload Profiling:
	ReloadAssembly (890ms)
		BeginReloadAssembly (132ms)
			ExecutionOrderSort (0ms)
			DisableScriptedObjects (4ms)
			BackupInstance (0ms)
			ReleaseScriptingObjects (0ms)
			CreateAndSetChildDomain (16ms)
		EndReloadAssembly (715ms)
			LoadAssemblies (83ms)
			RebuildTransferFunctionScriptingTraits (0ms)
			SetupTypeCache (279ms)
			ReleaseScriptCaches (1ms)
			RebuildScriptCaches (42ms)
			SetupLoadedEditorAssemblies (248ms)
				LogAssemblyErrors (0ms)
				InitializePlatformSupportModulesInManaged (4ms)
				SetLoadedEditorAssemblies (0ms)
				RefreshPlugins (1ms)
				BeforeProcessingInitializeOnLoad (53ms)
				ProcessInitializeOnLoadAttributes (182ms)
				ProcessInitializeOnLoadMethodAttributes (6ms)
				AfterProcessingInitializeOnLoad (2ms)
				EditorAssembliesLoaded (0ms)
			ExecutionOrderSort2 (0ms)
			AwakeInstancesAfterBackupRestoration (6ms)
Platform modules already initialized, skipping
========================================================================
Worker process is ready to serve import requests
Launched and connected shader compiler UnityShaderCompiler.exe after 0.08 seconds
Refreshing native plugins compatible for Editor in 0.64 ms, found 3 plugins.
Preloading 0 native plugins for Editor in 0.00 ms.
Unloading 3227 Unused Serialized files (Serialized files now loaded: 0)
System memory in use before: 119.2 MB.
System memory in use after: 119.4 MB.

Unloading 26 unused Assets to reduce memory usage. Loaded Objects now: 3675.
Total: 2.462200 ms (FindLiveObjects: 0.224500 ms CreateObjectMapping: 0.153500 ms MarkObjects: 2.035700 ms  DeleteObjects: 0.047700 ms)

AssetImportParameters requested are different than current active one (requested -> active):
  custom:framework-win-MediaFoundation: 216162199b28c13a410421893ffa2e32 -> 
  custom:video-decoder-ogg-theora: a1e56fd34408186e4bbccfd4996cb3dc -> 
  custom:container-muxer-webm: aa71ff27fc2769a1b78a27578f13a17b -> 
  custom:container-demuxer-webm: 4f35f7cbe854078d1ac9338744f61a02 -> 
  custom:container-demuxer-ogg: 62fdf1f143b41e24485cea50d1cbac27 -> 
  custom:video-encoder-webm-vp8: eb34c28f22e8b96e1ab97ce403110664 -> 
  custom:video-codec-MediaFoundation-h265: 746d11721c4dcdbdad8f713fa42b33f4 -> 
  custom:video-decoder-webm-vp8: 9c59270c3fd7afecdb556c50c9e8de78 -> 
  custom:audio-decoder-ogg-vorbis: bf7c407c2cedff20999df2af8eb42d56 -> 
  custom:audio-encoder-webm-vorbis: bf7c407c2cedff20999df2af8eb42d56 -> 
========================================================================
Received Import Request.
  path: Assets/ASSETY BUDOWA
  artifactKey: Guid(2819b8b333463584094e4be62358b874) Importer(815301076,1909f56bfc062723c751e8b465ee728b)
Start importing Assets/ASSETY BUDOWA using Guid(2819b8b333463584094e4be62358b874) Importer(815301076,1909f56bfc062723c751e8b465ee728b)  -> (artifact id: 'b0c0eebf0c269f08addc8aa372a56c28') in 0.007437 seconds 
========================================================================
Received Import Request.
  Time since last request: 90.370875 seconds.
  path: Assets/ASSETY BUDOWA/ben-redblock-loading.gif
  artifactKey: Guid(d391a4f4f29b3da448fb4a9db08b9f0d) Importer(815301076,1909f56bfc062723c751e8b465ee728b)
Start importing Assets/ASSETY BUDOWA/ben-redblock-loading.gif using Guid(d391a4f4f29b3da448fb4a9db08b9f0d) Importer(815301076,1909f56bfc062723c751e8b465ee728b)  -> (artifact id: 'cba6ea07a53ba1b24b24ed5ed02edc50') in 0.049698 seconds 
========================================================================
Received Import Request.
  Time since last request: 27.809362 seconds.
  path: Assets/ASSETY BUDOWA/Youtube_loading_symbol_1_(wobbly).gif
  artifactKey: Guid(539dad2525550374098277081318cf4d) Importer(815301076,1909f56bfc062723c751e8b465ee728b)
Start importing Assets/ASSETY BUDOWA/Youtube_loading_symbol_1_(wobbly).gif using Guid(539dad2525550374098277081318cf4d) Importer(815301076,1909f56bfc062723c751e8b465ee728b)  -> (artifact id: '0faf950cc45569f7333eeb0d97d48cad') in 0.009180 seconds 
========================================================================
Received Import Request.
  Time since last request: 164.720816 seconds.
  path: Assets/ASSETY BUDOWA/Youtube_loading_symbol_1_(wobbly) 1.gif
  artifactKey: Guid(e67568688eb700e44aab58707c07d34e) Importer(815301076,1909f56bfc062723c751e8b465ee728b)
Start importing Assets/ASSETY BUDOWA/Youtube_loading_symbol_1_(wobbly) 1.gif using Guid(e67568688eb700e44aab58707c07d34e) Importer(815301076,1909f56bfc062723c751e8b465ee728b)  -> (artifact id: 'ad5019c2c0a3d9b285691b15efa14621') in 0.008090 seconds 
========================================================================
Received Import Request.
  Time since last request: 321.581641 seconds.
  path: Assets/ASSETY BUDOWA/frame_0_delay-0.08s.gif
  artifactKey: Guid(4e0b78066fa6c4447a42e8db71028588) Importer(815301076,1909f56bfc062723c751e8b465ee728b)
Start importing Assets/ASSETY BUDOWA/frame_0_delay-0.08s.gif using Guid(4e0b78066fa6c4447a42e8db71028588) Importer(815301076,1909f56bfc062723c751e8b465ee728b)  -> (artifact id: '2fa154af2c4dc0d62f794229039a5082') in 0.009011 seconds 
========================================================================
Received Import Request.
  Time since last request: 0.000172 seconds.
  path: Assets/ASSETY BUDOWA/frame_2_delay-0.08s.gif
  artifactKey: Guid(4ca49e6047d88d1488fcf121a08c5190) Importer(815301076,1909f56bfc062723c751e8b465ee728b)
Start importing Assets/ASSETY BUDOWA/frame_2_delay-0.08s.gif using Guid(4ca49e6047d88d1488fcf121a08c5190) Importer(815301076,1909f56bfc062723c751e8b465ee728b)  -> (artifact id: '6220aaacb5b3c7682b51f60ffec9c492') in 0.007789 seconds 
========================================================================
Received Import Request.
  Time since last request: 0.000115 seconds.
  path: Assets/ASSETY BUDOWA/frame_4_delay-0.08s.gif
  artifactKey: Guid(13dab5c659af3b54886fd0a3a7d4609d) Importer(815301076,1909f56bfc062723c751e8b465ee728b)
Start importing Assets/ASSETY BUDOWA/frame_4_delay-0.08s.gif using Guid(13dab5c659af3b54886fd0a3a7d4609d) Importer(815301076,1909f56bfc062723c751e8b465ee728b)  -> (artifact id: '610d2c88a34d1b0f01e69a9cd57f5b6d') in 0.009087 seconds 
========================================================================
Received Import Request.
  Time since last request: 0.000116 seconds.
  path: Assets/ASSETY BUDOWA/frame_6_delay-0.08s.gif
  artifactKey: Guid(a4d0d07ba4f82bf44a4d0c2986df46ca) Importer(815301076,1909f56bfc062723c751e8b465ee728b)
Start importing Assets/ASSETY BUDOWA/frame_6_delay-0.08s.gif using Guid(a4d0d07ba4f82bf44a4d0c2986df46ca) Importer(815301076,1909f56bfc062723c751e8b465ee728b)  -> (artifact id: '476617c244965c1feed8f59e8ba62f60') in 0.008647 seconds 
========================================================================
Received Import Request.
  Time since last request: 0.000217 seconds.
  path: Assets/ASSETY BUDOWA/frame_7_delay-0.08s.gif
  artifactKey: Guid(5bbb4b394a0861d43896ddb6359c97cb) Importer(815301076,1909f56bfc062723c751e8b465ee728b)
Start importing Assets/ASSETY BUDOWA/frame_7_delay-0.08s.gif using Guid(5bbb4b394a0861d43896ddb6359c97cb) Importer(815301076,1909f56bfc062723c751e8b465ee728b)  -> (artifact id: '650f755a51f37139e57d42c0c1fbe52a') in 0.007377 seconds 
========================================================================
Received Import Request.
  Time since last request: 0.000135 seconds.
  path: Assets/ASSETY BUDOWA/frame_5_delay-0.08s.gif
  artifactKey: Guid(461cf0b5e326ea7448a2c408065d33d1) Importer(815301076,1909f56bfc062723c751e8b465ee728b)
Start importing Assets/ASSETY BUDOWA/frame_5_delay-0.08s.gif using Guid(461cf0b5e326ea7448a2c408065d33d1) Importer(815301076,1909f56bfc062723c751e8b465ee728b)  -> (artifact id: '084fd2abfdddb0c1d741e20499485bc5') in 0.007750 seconds 
========================================================================
Received Import Request.
  Time since last request: 0.000185 seconds.
  path: Assets/ASSETY BUDOWA/frame_1_delay-0.08s.gif
  artifactKey: Guid(37a720dd6ef1eae418c472e45e43ca37) Importer(815301076,1909f56bfc062723c751e8b465ee728b)
Start importing Assets/ASSETY BUDOWA/frame_1_delay-0.08s.gif using Guid(37a720dd6ef1eae418c472e45e43ca37) Importer(815301076,1909f56bfc062723c751e8b465ee728b)  -> (artifact id: '756abd762eb83fb3e70ba15c8d44155f') in 0.007777 seconds 
========================================================================
Received Import Request.
  Time since last request: 0.000094 seconds.
  path: Assets/ASSETY BUDOWA/frame_3_delay-0.08s.gif
  artifactKey: Guid(da3d1cbee91b7b14282560fcbaa18461) Importer(815301076,1909f56bfc062723c751e8b465ee728b)
Start importing Assets/ASSETY BUDOWA/frame_3_delay-0.08s.gif using Guid(da3d1cbee91b7b14282560fcbaa18461) Importer(815301076,1909f56bfc062723c751e8b465ee728b)  -> (artifact id: 'c318269216dedf1a5fed22972ed12347') in 0.007643 seconds 
========================================================================
Received Import Request.
  Time since last request: 31.339786 seconds.
  path: Assets/ASSETY BUDOWA/New Animation.anim
  artifactKey: Guid(ec2ec6aa45775da4b88255652f9ac922) Importer(815301076,1909f56bfc062723c751e8b465ee728b)
Start importing Assets/ASSETY BUDOWA/New Animation.anim using Guid(ec2ec6aa45775da4b88255652f9ac922) Importer(815301076,1909f56bfc062723c751e8b465ee728b)  -> (artifact id: 'c5de4fddb4181ad3697e8e30da25b3c7') in 0.008511 seconds 
========================================================================
Received Import Request.
  Time since last request: 57.710687 seconds.
  path: Assets/ASSETY BUDOWA/New Animator Controller.controller
  artifactKey: Guid(9906651bd8837874899071dca8cded68) Importer(815301076,1909f56bfc062723c751e8b465ee728b)
Start importing Assets/ASSETY BUDOWA/New Animator Controller.controller using Guid(9906651bd8837874899071dca8cded68) Importer(815301076,1909f56bfc062723c751e8b465ee728b)  -> (artifact id: 'dbceee56e1d03a4657ef027016919f2e') in 0.006588 seconds 
========================================================================
Received Import Request.
  Time since last request: 56.397640 seconds.
  path: Assets/ASSETY BUDOWA/loading.anim
  artifactKey: Guid(01ebcd271726e134fbe482d8260ba0f8) Importer(815301076,1909f56bfc062723c751e8b465ee728b)
Start importing Assets/ASSETY BUDOWA/loading.anim using Guid(01ebcd271726e134fbe482d8260ba0f8) Importer(815301076,1909f56bfc062723c751e8b465ee728b)  -> (artifact id: 'b8ced4bd3460ee94788c45d7f42f7e70') in 0.005146 seconds 
========================================================================
Received Import Request.
  Time since last request: 7.290364 seconds.
  path: Assets/ASSETY BUDOWA/GameObject.controller
  artifactKey: Guid(795934f0be19dee4ab41a3ca5aa0b7b4) Importer(815301076,1909f56bfc062723c751e8b465ee728b)
Start importing Assets/ASSETY BUDOWA/GameObject.controller using Guid(795934f0be19dee4ab41a3ca5aa0b7b4) Importer(815301076,1909f56bfc062723c751e8b465ee728b)  -> (artifact id: '30d5b74c75fc639bd2b6271b7299f3a6') in 0.005058 seconds 
========================================================================
Received Prepare
Registering precompiled user dll's ...
Registered in 0.005224 seconds.
Begin MonoManager ReloadAssembly
Symbol file LoadedFromMemory doesn't match image C:\Users\Admin\Desktop\kox gra\3d unity blender fps\Library\PackageCache\com.unity.visualscripting@1.6.1\Editor\VisualScripting.Core\Dependencies\YamlDotNet\Unity.VisualScripting.YamlDotNet.dll
Symbol file LoadedFromMemory doesn't match image C:\Users\Admin\Desktop\kox gra\3d unity blender fps\Library\PackageCache\com.unity.visualscripting@1.6.1\Editor\VisualScripting.Core\Dependencies\DotNetZip\Unity.VisualScripting.IonicZip.dll
Native extension for WindowsStandalone target not found
Refreshing native plugins compatible for Editor in 0.68 ms, found 3 plugins.
Preloading 0 native plugins for Editor in 0.00 ms.
Mono: successfully reloaded assembly
- Completed reload, in  0.818 seconds
Domain Reload Profiling:
	ReloadAssembly (818ms)
		BeginReloadAssembly (104ms)
			ExecutionOrderSort (0ms)
			DisableScriptedObjects (4ms)
			BackupInstance (0ms)
			ReleaseScriptingObjects (0ms)
			CreateAndSetChildDomain (30ms)
		EndReloadAssembly (672ms)
			LoadAssemblies (82ms)
			RebuildTransferFunctionScriptingTraits (0ms)
			SetupTypeCache (266ms)
			ReleaseScriptCaches (1ms)
			RebuildScriptCaches (31ms)
			SetupLoadedEditorAssemblies (216ms)
				LogAssemblyErrors (0ms)
				InitializePlatformSupportModulesInManaged (4ms)
				SetLoadedEditorAssemblies (0ms)
				RefreshPlugins (1ms)
				BeforeProcessingInitializeOnLoad (41ms)
				ProcessInitializeOnLoadAttributes (164ms)
				ProcessInitializeOnLoadMethodAttributes (5ms)
				AfterProcessingInitializeOnLoad (2ms)
				EditorAssembliesLoaded (0ms)
			ExecutionOrderSort2 (0ms)
			AwakeInstancesAfterBackupRestoration (11ms)
Platform modules already initialized, skipping
Refreshing native plugins compatible for Editor in 0.65 ms, found 3 plugins.
Preloading 0 native plugins for Editor in 0.00 ms.
Unloading 3217 Unused Serialized files (Serialized files now loaded: 0)
System memory in use before: 122.9 MB.
System memory in use after: 123.2 MB.

Unloading 20 unused Assets to reduce memory usage. Loaded Objects now: 3845.
Total: 2.640900 ms (FindLiveObjects: 0.230900 ms CreateObjectMapping: 0.145500 ms MarkObjects: 2.249000 ms  DeleteObjects: 0.015000 ms)

AssetImportParameters requested are different than current active one (requested -> active):
  custom:framework-win-MediaFoundation: 216162199b28c13a410421893ffa2e32 -> 
  custom:video-decoder-ogg-theora: a1e56fd34408186e4bbccfd4996cb3dc -> 
  custom:container-muxer-webm: aa71ff27fc2769a1b78a27578f13a17b -> 
  custom:container-demuxer-webm: 4f35f7cbe854078d1ac9338744f61a02 -> 
  custom:container-demuxer-ogg: 62fdf1f143b41e24485cea50d1cbac27 -> 
  custom:video-encoder-webm-vp8: eb34c28f22e8b96e1ab97ce403110664 -> 
  custom:video-codec-MediaFoundation-h265: 746d11721c4dcdbdad8f713fa42b33f4 -> 
  custom:video-decoder-webm-vp8: 9c59270c3fd7afecdb556c50c9e8de78 -> 
  custom:audio-decoder-ogg-vorbis: bf7c407c2cedff20999df2af8eb42d56 -> 
  custom:audio-encoder-webm-vorbis: bf7c407c2cedff20999df2af8eb42d56 -> 
========================================================================
Received Import Request.
  Time since last request: 316.654727 seconds.
  path: Assets/ASSETY BUDOWA/LoadingMenu.controller
  artifactKey: Guid(5931f0a5a185f5141a8282888f917929) Importer(815301076,1909f56bfc062723c751e8b465ee728b)
Start importing Assets/ASSETY BUDOWA/LoadingMenu.controller using Guid(5931f0a5a185f5141a8282888f917929) Importer(815301076,1909f56bfc062723c751e8b465ee728b)  -> (artifact id: 'bb6d8615481da6732e146ccfcf3edea4') in 0.014946 seconds 
========================================================================
Received Prepare
Registering precompiled user dll's ...
Registered in 0.006013 seconds.
Begin MonoManager ReloadAssembly
Symbol file LoadedFromMemory doesn't match image C:\Users\Admin\Desktop\kox gra\3d unity blender fps\Library\PackageCache\com.unity.visualscripting@1.6.1\Editor\VisualScripting.Core\Dependencies\YamlDotNet\Unity.VisualScripting.YamlDotNet.dll
Symbol file LoadedFromMemory doesn't match image C:\Users\Admin\Desktop\kox gra\3d unity blender fps\Library\PackageCache\com.unity.visualscripting@1.6.1\Editor\VisualScripting.Core\Dependencies\DotNetZip\Unity.VisualScripting.IonicZip.dll
Native extension for WindowsStandalone target not found
Refreshing native plugins compatible for Editor in 0.81 ms, found 3 plugins.
Preloading 0 native plugins for Editor in 0.00 ms.
Mono: successfully reloaded assembly
- Completed reload, in  0.845 seconds
Domain Reload Profiling:
	ReloadAssembly (845ms)
		BeginReloadAssembly (115ms)
			ExecutionOrderSort (0ms)
			DisableScriptedObjects (5ms)
			BackupInstance (0ms)
			ReleaseScriptingObjects (0ms)
			CreateAndSetChildDomain (31ms)
		EndReloadAssembly (687ms)
			LoadAssemblies (85ms)
			RebuildTransferFunctionScriptingTraits (0ms)
			SetupTypeCache (275ms)
			ReleaseScriptCaches (1ms)
			RebuildScriptCaches (34ms)
			SetupLoadedEditorAssemblies (221ms)
				LogAssemblyErrors (0ms)
				InitializePlatformSupportModulesInManaged (4ms)
				SetLoadedEditorAssemblies (0ms)
				RefreshPlugins (1ms)
				BeforeProcessingInitializeOnLoad (41ms)
				ProcessInitializeOnLoadAttributes (168ms)
				ProcessInitializeOnLoadMethodAttributes (5ms)
				AfterProcessingInitializeOnLoad (2ms)
				EditorAssembliesLoaded (0ms)
			ExecutionOrderSort2 (0ms)
			AwakeInstancesAfterBackupRestoration (12ms)
Platform modules already initialized, skipping
Refreshing native plugins compatible for Editor in 0.68 ms, found 3 plugins.
Preloading 0 native plugins for Editor in 0.00 ms.
Unloading 3207 Unused Serialized files (Serialized files now loaded: 0)
System memory in use before: 122.7 MB.
System memory in use after: 122.9 MB.

Unloading 20 unused Assets to reduce memory usage. Loaded Objects now: 3848.
Total: 3.073100 ms (FindLiveObjects: 0.306700 ms CreateObjectMapping: 0.216900 ms MarkObjects: 2.531500 ms  DeleteObjects: 0.017200 ms)

AssetImportParameters requested are different than current active one (requested -> active):
  custom:framework-win-MediaFoundation: 216162199b28c13a410421893ffa2e32 -> 
  custom:video-decoder-ogg-theora: a1e56fd34408186e4bbccfd4996cb3dc -> 
  custom:container-muxer-webm: aa71ff27fc2769a1b78a27578f13a17b -> 
  custom:container-demuxer-webm: 4f35f7cbe854078d1ac9338744f61a02 -> 
  custom:container-demuxer-ogg: 62fdf1f143b41e24485cea50d1cbac27 -> 
  custom:video-encoder-webm-vp8: eb34c28f22e8b96e1ab97ce403110664 -> 
  custom:video-codec-MediaFoundation-h265: 746d11721c4dcdbdad8f713fa42b33f4 -> 
  custom:video-decoder-webm-vp8: 9c59270c3fd7afecdb556c50c9e8de78 -> 
  custom:audio-decoder-ogg-vorbis: bf7c407c2cedff20999df2af8eb42d56 -> 
  custom:audio-encoder-webm-vorbis: bf7c407c2cedff20999df2af8eb42d56 -> 
========================================================================
Received Prepare
Registering precompiled user dll's ...
Registered in 0.005274 seconds.
Begin MonoManager ReloadAssembly
Symbol file LoadedFromMemory doesn't match image C:\Users\Admin\Desktop\kox gra\3d unity blender fps\Library\PackageCache\com.unity.visualscripting@1.6.1\Editor\VisualScripting.Core\Dependencies\YamlDotNet\Unity.VisualScripting.YamlDotNet.dll
Symbol file LoadedFromMemory doesn't match image C:\Users\Admin\Desktop\kox gra\3d unity blender fps\Library\PackageCache\com.unity.visualscripting@1.6.1\Editor\VisualScripting.Core\Dependencies\DotNetZip\Unity.VisualScripting.IonicZip.dll
Native extension for WindowsStandalone target not found
Refreshing native plugins compatible for Editor in 0.69 ms, found 3 plugins.
Preloading 0 native plugins for Editor in 0.00 ms.
Mono: successfully reloaded assembly
- Completed reload, in  0.812 seconds
Domain Reload Profiling:
	ReloadAssembly (812ms)
		BeginReloadAssembly (99ms)
			ExecutionOrderSort (0ms)
			DisableScriptedObjects (5ms)
			BackupInstance (0ms)
			ReleaseScriptingObjects (0ms)
			CreateAndSetChildDomain (28ms)
		EndReloadAssembly (670ms)
			LoadAssemblies (82ms)
			RebuildTransferFunctionScriptingTraits (0ms)
			SetupTypeCache (264ms)
			ReleaseScriptCaches (1ms)
			RebuildScriptCaches (31ms)
			SetupLoadedEditorAssemblies (221ms)
				LogAssemblyErrors (0ms)
				InitializePlatformSupportModulesInManaged (4ms)
				SetLoadedEditorAssemblies (0ms)
				RefreshPlugins (1ms)
				BeforeProcessingInitializeOnLoad (40ms)
				ProcessInitializeOnLoadAttributes (169ms)
				ProcessInitializeOnLoadMethodAttributes (6ms)
				AfterProcessingInitializeOnLoad (2ms)
				EditorAssembliesLoaded (0ms)
			ExecutionOrderSort2 (0ms)
			AwakeInstancesAfterBackupRestoration (12ms)
Platform modules already initialized, skipping
Refreshing native plugins compatible for Editor in 0.68 ms, found 3 plugins.
Preloading 0 native plugins for Editor in 0.00 ms.
Unloading 3207 Unused Serialized files (Serialized files now loaded: 0)
System memory in use before: 122.7 MB.
System memory in use after: 122.9 MB.

Unloading 20 unused Assets to reduce memory usage. Loaded Objects now: 3851.
Total: 2.551800 ms (FindLiveObjects: 0.242500 ms CreateObjectMapping: 0.143600 ms MarkObjects: 2.151700 ms  DeleteObjects: 0.013200 ms)

AssetImportParameters requested are different than current active one (requested -> active):
  custom:framework-win-MediaFoundation: 216162199b28c13a410421893ffa2e32 -> 
  custom:video-decoder-ogg-theora: a1e56fd34408186e4bbccfd4996cb3dc -> 
  custom:container-muxer-webm: aa71ff27fc2769a1b78a27578f13a17b -> 
  custom:container-demuxer-webm: 4f35f7cbe854078d1ac9338744f61a02 -> 
  custom:container-demuxer-ogg: 62fdf1f143b41e24485cea50d1cbac27 -> 
  custom:video-encoder-webm-vp8: eb34c28f22e8b96e1ab97ce403110664 -> 
  custom:video-codec-MediaFoundation-h265: 746d11721c4dcdbdad8f713fa42b33f4 -> 
  custom:video-decoder-webm-vp8: 9c59270c3fd7afecdb556c50c9e8de78 -> 
  custom:audio-decoder-ogg-vorbis: bf7c407c2cedff20999df2af8eb42d56 -> 
  custom:audio-encoder-webm-vorbis: bf7c407c2cedff20999df2af8eb42d56 -> 
========================================================================
Received Import Request.
  Time since last request: 339.192204 seconds.
  path: Assets/ASSETY BUDOWA/Image.controller
  artifactKey: Guid(ac4989d4756295b43b4dde6f301828cd) Importer(815301076,1909f56bfc062723c751e8b465ee728b)
Start importing Assets/ASSETY BUDOWA/Image.controller using Guid(ac4989d4756295b43b4dde6f301828cd) Importer(815301076,1909f56bfc062723c751e8b465ee728b)  -> (artifact id: 'b9eda7616cb763b439e51255de1e5160') in 0.020022 seconds 
========================================================================
Received Import Request.
  Time since last request: 0.477874 seconds.
  path: Assets/ASSETY BUDOWA/Image 1.controller
  artifactKey: Guid(b572fbd19e46595468e438a1295944bc) Importer(815301076,1909f56bfc062723c751e8b465ee728b)
Start importing Assets/ASSETY BUDOWA/Image 1.controller using Guid(b572fbd19e46595468e438a1295944bc) Importer(815301076,1909f56bfc062723c751e8b465ee728b)  -> (artifact id: '51e59e5eee4679693c56056649cb7b17') in 0.005430 seconds 
========================================================================
Received Prepare
Registering precompiled user dll's ...
Registered in 0.005725 seconds.
Begin MonoManager ReloadAssembly
Symbol file LoadedFromMemory doesn't match image C:\Users\Admin\Desktop\kox gra\3d unity blender fps\Library\PackageCache\com.unity.visualscripting@1.6.1\Editor\VisualScripting.Core\Dependencies\YamlDotNet\Unity.VisualScripting.YamlDotNet.dll
Symbol file LoadedFromMemory doesn't match image C:\Users\Admin\Desktop\kox gra\3d unity blender fps\Library\PackageCache\com.unity.visualscripting@1.6.1\Editor\VisualScripting.Core\Dependencies\DotNetZip\Unity.VisualScripting.IonicZip.dll
Native extension for WindowsStandalone target not found
Refreshing native plugins compatible for Editor in 0.69 ms, found 3 plugins.
Preloading 0 native plugins for Editor in 0.00 ms.
Mono: successfully reloaded assembly
- Completed reload, in  0.839 seconds
Domain Reload Profiling:
	ReloadAssembly (839ms)
		BeginReloadAssembly (105ms)
			ExecutionOrderSort (0ms)
			DisableScriptedObjects (5ms)
			BackupInstance (0ms)
			ReleaseScriptingObjects (0ms)
			CreateAndSetChildDomain (31ms)
		EndReloadAssembly (691ms)
			LoadAssemblies (84ms)
			RebuildTransferFunctionScriptingTraits (0ms)
			SetupTypeCache (270ms)
			ReleaseScriptCaches (1ms)
			RebuildScriptCaches (33ms)
			SetupLoadedEditorAssemblies (225ms)
				LogAssemblyErrors (0ms)
				InitializePlatformSupportModulesInManaged (4ms)
				SetLoadedEditorAssemblies (0ms)
				RefreshPlugins (1ms)
				BeforeProcessingInitializeOnLoad (41ms)
				ProcessInitializeOnLoadAttributes (171ms)
				ProcessInitializeOnLoadMethodAttributes (5ms)
				AfterProcessingInitializeOnLoad (2ms)
				EditorAssembliesLoaded (0ms)
			ExecutionOrderSort2 (0ms)
			AwakeInstancesAfterBackupRestoration (11ms)
Platform modules already initialized, skipping
Refreshing native plugins compatible for Editor in 0.69 ms, found 3 plugins.
Preloading 0 native plugins for Editor in 0.00 ms.
Unloading 3207 Unused Serialized files (Serialized files now loaded: 0)
System memory in use before: 122.7 MB.
System memory in use after: 123.0 MB.

Unloading 20 unused Assets to reduce memory usage. Loaded Objects now: 3854.
Total: 2.804500 ms (FindLiveObjects: 0.245500 ms CreateObjectMapping: 0.134600 ms MarkObjects: 2.409500 ms  DeleteObjects: 0.014100 ms)

AssetImportParameters requested are different than current active one (requested -> active):
  custom:framework-win-MediaFoundation: 216162199b28c13a410421893ffa2e32 -> 
  custom:video-decoder-ogg-theora: a1e56fd34408186e4bbccfd4996cb3dc -> 
  custom:container-muxer-webm: aa71ff27fc2769a1b78a27578f13a17b -> 
  custom:container-demuxer-webm: 4f35f7cbe854078d1ac9338744f61a02 -> 
  custom:container-demuxer-ogg: 62fdf1f143b41e24485cea50d1cbac27 -> 
  custom:video-encoder-webm-vp8: eb34c28f22e8b96e1ab97ce403110664 -> 
  custom:video-codec-MediaFoundation-h265: 746d11721c4dcdbdad8f713fa42b33f4 -> 
  custom:video-decoder-webm-vp8: 9c59270c3fd7afecdb556c50c9e8de78 -> 
  custom:audio-decoder-ogg-vorbis: bf7c407c2cedff20999df2af8eb42d56 -> 
  custom:audio-encoder-webm-vorbis: bf7c407c2cedff20999df2af8eb42d56 -> 
========================================================================
Received Import Request.
  Time since last request: 196.907229 seconds.
  path: Assets/ASSETY BUDOWA/ezgif.com-gif-maker.png
  artifactKey: Guid(38f7d60cdd2e35f4fb01258b772696a2) Importer(815301076,1909f56bfc062723c751e8b465ee728b)
Start importing Assets/ASSETY BUDOWA/ezgif.com-gif-maker.png using Guid(38f7d60cdd2e35f4fb01258b772696a2) Importer(815301076,1909f56bfc062723c751e8b465ee728b)  -> (artifact id: '65ef39f5d05e3543430d604d5ddac15b') in 0.041575 seconds 
========================================================================
Received Import Request.
  Time since last request: 106.543109 seconds.
  path: Assets/ASSETY BUDOWA/ezgif.com-gif-maker.png
  artifactKey: Guid(38f7d60cdd2e35f4fb01258b772696a2) Importer(815301076,1909f56bfc062723c751e8b465ee728b)
Start importing Assets/ASSETY BUDOWA/ezgif.com-gif-maker.png using Guid(38f7d60cdd2e35f4fb01258b772696a2) Importer(815301076,1909f56bfc062723c751e8b465ee728b)  -> (artifact id: 'cbf49cd5aa8f363ec2eb217ef446ce81') in 0.005491 seconds 
========================================================================
Received Import Request.
  Time since last request: 31.434367 seconds.
  path: Assets/ASSETY BUDOWA/ezgif.com-gif-maker.png
  artifactKey: Guid(38f7d60cdd2e35f4fb01258b772696a2) Importer(815301076,1909f56bfc062723c751e8b465ee728b)
Start importing Assets/ASSETY BUDOWA/ezgif.com-gif-maker.png using Guid(38f7d60cdd2e35f4fb01258b772696a2) Importer(815301076,1909f56bfc062723c751e8b465ee728b)  -> (artifact id: 'eb25cb0bb4764de66fb2dab528d689ef') in 0.009298 seconds 
========================================================================
Received Prepare
Registering precompiled user dll's ...
Registered in 0.005222 seconds.
Begin MonoManager ReloadAssembly
Symbol file LoadedFromMemory doesn't match image C:\Users\Admin\Desktop\kox gra\3d unity blender fps\Library\PackageCache\com.unity.visualscripting@1.6.1\Editor\VisualScripting.Core\Dependencies\YamlDotNet\Unity.VisualScripting.YamlDotNet.dll
Symbol file LoadedFromMemory doesn't match image C:\Users\Admin\Desktop\kox gra\3d unity blender fps\Library\PackageCache\com.unity.visualscripting@1.6.1\Editor\VisualScripting.Core\Dependencies\DotNetZip\Unity.VisualScripting.IonicZip.dll
Native extension for WindowsStandalone target not found
Refreshing native plugins compatible for Editor in 0.66 ms, found 3 plugins.
Preloading 0 native plugins for Editor in 0.00 ms.
Mono: successfully reloaded assembly
- Completed reload, in  0.829 seconds
Domain Reload Profiling:
	ReloadAssembly (829ms)
		BeginReloadAssembly (106ms)
			ExecutionOrderSort (0ms)
			DisableScriptedObjects (5ms)
			BackupInstance (0ms)
			ReleaseScriptingObjects (0ms)
			CreateAndSetChildDomain (32ms)
		EndReloadAssembly (680ms)
			LoadAssemblies (83ms)
			RebuildTransferFunctionScriptingTraits (0ms)
			SetupTypeCache (281ms)
			ReleaseScriptCaches (1ms)
			RebuildScriptCaches (31ms)
			SetupLoadedEditorAssemblies (215ms)
				LogAssemblyErrors (0ms)
				InitializePlatformSupportModulesInManaged (4ms)
				SetLoadedEditorAssemblies (0ms)
				RefreshPlugins (1ms)
				BeforeProcessingInitializeOnLoad (40ms)
				ProcessInitializeOnLoadAttributes (163ms)
				ProcessInitializeOnLoadMethodAttributes (5ms)
				AfterProcessingInitializeOnLoad (2ms)
				EditorAssembliesLoaded (0ms)
			ExecutionOrderSort2 (0ms)
			AwakeInstancesAfterBackupRestoration (11ms)
Platform modules already initialized, skipping
Refreshing native plugins compatible for Editor in 0.68 ms, found 3 plugins.
Preloading 0 native plugins for Editor in 0.00 ms.
Unloading 3243 Unused Serialized files (Serialized files now loaded: 0)
System memory in use before: 126.0 MB.
System memory in use after: 126.2 MB.

Unloading 20 unused Assets to reduce memory usage. Loaded Objects now: 3936.
Total: 2.746300 ms (FindLiveObjects: 0.256300 ms CreateObjectMapping: 0.168100 ms MarkObjects: 2.304900 ms  DeleteObjects: 0.016200 ms)

AssetImportParameters requested are different than current active one (requested -> active):
  custom:framework-win-MediaFoundation: 216162199b28c13a410421893ffa2e32 -> 
  custom:video-decoder-ogg-theora: a1e56fd34408186e4bbccfd4996cb3dc -> 
  custom:container-muxer-webm: aa71ff27fc2769a1b78a27578f13a17b -> 
  custom:container-demuxer-webm: 4f35f7cbe854078d1ac9338744f61a02 -> 
  custom:container-demuxer-ogg: 62fdf1f143b41e24485cea50d1cbac27 -> 
  custom:video-encoder-webm-vp8: eb34c28f22e8b96e1ab97ce403110664 -> 
  custom:video-codec-MediaFoundation-h265: 746d11721c4dcdbdad8f713fa42b33f4 -> 
  custom:video-decoder-webm-vp8: 9c59270c3fd7afecdb556c50c9e8de78 -> 
  custom:audio-decoder-ogg-vorbis: bf7c407c2cedff20999df2af8eb42d56 -> 
  custom:audio-encoder-webm-vorbis: bf7c407c2cedff20999df2af8eb42d56 -> 
========================================================================
Received Import Request.
  Time since last request: 56.734748 seconds.
  path: Assets/ASSETY BUDOWA/ezgif.com-gif-maker.png
  artifactKey: Guid(38f7d60cdd2e35f4fb01258b772696a2) Importer(815301076,1909f56bfc062723c751e8b465ee728b)
Start importing Assets/ASSETY BUDOWA/ezgif.com-gif-maker.png using Guid(38f7d60cdd2e35f4fb01258b772696a2) Importer(815301076,1909f56bfc062723c751e8b465ee728b)  -> (artifact id: 'b0c361f8df2da570bf55105641db47ec') in 0.064029 seconds 
========================================================================
Received Import Request.
  Time since last request: 58.297425 seconds.
  path: Assets/ASSETY BUDOWA/ezgif.com-gif-maker.png
  artifactKey: Guid(38f7d60cdd2e35f4fb01258b772696a2) Importer(815301076,1909f56bfc062723c751e8b465ee728b)
Start importing Assets/ASSETY BUDOWA/ezgif.com-gif-maker.png using Guid(38f7d60cdd2e35f4fb01258b772696a2) Importer(815301076,1909f56bfc062723c751e8b465ee728b)  -> (artifact id: '73c797bd4823d928510c1d7b54bbb770') in 0.008355 seconds 
========================================================================
Received Import Request.
  Time since last request: 55.950922 seconds.
  path: Assets/ASSETY BUDOWA/ezgif.com-gif-maker.png
  artifactKey: Guid(38f7d60cdd2e35f4fb01258b772696a2) Importer(815301076,1909f56bfc062723c751e8b465ee728b)
Start importing Assets/ASSETY BUDOWA/ezgif.com-gif-maker.png using Guid(38f7d60cdd2e35f4fb01258b772696a2) Importer(815301076,1909f56bfc062723c751e8b465ee728b)  -> (artifact id: '7d07544c5ccbb057825348d3a559bf8d') in 0.007718 seconds 
========================================================================
Received Import Request.
  Time since last request: 24.821364 seconds.
  path: Assets/ASSETY BUDOWA/ezgif.com-gif-maker.png
  artifactKey: Guid(38f7d60cdd2e35f4fb01258b772696a2) Importer(815301076,1909f56bfc062723c751e8b465ee728b)
Start importing Assets/ASSETY BUDOWA/ezgif.com-gif-maker.png using Guid(38f7d60cdd2e35f4fb01258b772696a2) Importer(815301076,1909f56bfc062723c751e8b465ee728b)  -> (artifact id: '706eba3f1042f1f8f96401c17079bbe8') in 0.007968 seconds 
========================================================================
Received Import Request.
  Time since last request: 15.438435 seconds.
  path: Assets/ASSETY BUDOWA/ezgif.com-gif-maker.png
  artifactKey: Guid(38f7d60cdd2e35f4fb01258b772696a2) Importer(815301076,1909f56bfc062723c751e8b465ee728b)
Start importing Assets/ASSETY BUDOWA/ezgif.com-gif-maker.png using Guid(38f7d60cdd2e35f4fb01258b772696a2) Importer(815301076,1909f56bfc062723c751e8b465ee728b)  -> (artifact id: '8427d212aa1db4083a6fc453bdc8f9e2') in 1.639165 seconds 
========================================================================
Received Import Request.
  Time since last request: 15.501846 seconds.
  path: Assets/ASSETY BUDOWA/ezgif.com-gif-maker.png
  artifactKey: Guid(38f7d60cdd2e35f4fb01258b772696a2) Importer(815301076,1909f56bfc062723c751e8b465ee728b)
Start importing Assets/ASSETY BUDOWA/ezgif.com-gif-maker.png using Guid(38f7d60cdd2e35f4fb01258b772696a2) Importer(815301076,1909f56bfc062723c751e8b465ee728b)  -> (artifact id: '9ce725f8f72386c8a07f0aa3ba86d2ed') in 0.007828 seconds 
========================================================================
Received Import Request.
  Time since last request: 264.708833 seconds.
  path: Assets/ASSETY BUDOWA/ezgif.com-gif-maker.png
  artifactKey: Guid(38f7d60cdd2e35f4fb01258b772696a2) Importer(815301076,1909f56bfc062723c751e8b465ee728b)
Start importing Assets/ASSETY BUDOWA/ezgif.com-gif-maker.png using Guid(38f7d60cdd2e35f4fb01258b772696a2) Importer(815301076,1909f56bfc062723c751e8b465ee728b)  -> (artifact id: 'b9cd19f0c99c789bc08099e52e53e5bd') in 0.013367 seconds 
========================================================================
Received Import Request.
  Time since last request: 14.707657 seconds.
  path: Assets/ASSETY BUDOWA/ezgif.com-gif-maker.png
  artifactKey: Guid(38f7d60cdd2e35f4fb01258b772696a2) Importer(815301076,1909f56bfc062723c751e8b465ee728b)
Start importing Assets/ASSETY BUDOWA/ezgif.com-gif-maker.png using Guid(38f7d60cdd2e35f4fb01258b772696a2) Importer(815301076,1909f56bfc062723c751e8b465ee728b)  -> (artifact id: '75a9ba8962e1cb5cf2ff8569eaef0f91') in 0.008661 seconds 
========================================================================
Received Import Request.
  Time since last request: 43.080370 seconds.
  path: Assets/ASSETY BUDOWA/ezgif.com-gif-maker.png
  artifactKey: Guid(38f7d60cdd2e35f4fb01258b772696a2) Importer(815301076,1909f56bfc062723c751e8b465ee728b)
Start importing Assets/ASSETY BUDOWA/ezgif.com-gif-maker.png using Guid(38f7d60cdd2e35f4fb01258b772696a2) Importer(815301076,1909f56bfc062723c751e8b465ee728b)  -> (artifact id: 'fb50aca024fc695391f8dfb4cd5b107e') in 0.009169 seconds 
========================================================================
Received Import Request.
  Time since last request: 7.798784 seconds.
  path: Assets/ASSETY BUDOWA/ezgif.com-gif-maker.png
  artifactKey: Guid(38f7d60cdd2e35f4fb01258b772696a2) Importer(815301076,1909f56bfc062723c751e8b465ee728b)
Start importing Assets/ASSETY BUDOWA/ezgif.com-gif-maker.png using Guid(38f7d60cdd2e35f4fb01258b772696a2) Importer(815301076,1909f56bfc062723c751e8b465ee728b)  -> (artifact id: 'c898015451625333d4dc33b146ab9c8b') in 0.011883 seconds 
========================================================================
Received Import Request.
  Time since last request: 23.113716 seconds.
  path: Assets/ASSETY BUDOWA/ezgif.com-gif-maker.png
  artifactKey: Guid(38f7d60cdd2e35f4fb01258b772696a2) Importer(815301076,1909f56bfc062723c751e8b465ee728b)
Start importing Assets/ASSETY BUDOWA/ezgif.com-gif-maker.png using Guid(38f7d60cdd2e35f4fb01258b772696a2) Importer(815301076,1909f56bfc062723c751e8b465ee728b)  -> (artifact id: '307842c6e18f6af1914b6c38ca32f01e') in 0.007891 seconds 
========================================================================
Received Import Request.
  Time since last request: 43.106904 seconds.
  path: Assets/ASSETY BUDOWA/ezgif.com-gif-maker.png
  artifactKey: Guid(38f7d60cdd2e35f4fb01258b772696a2) Importer(815301076,1909f56bfc062723c751e8b465ee728b)
Start importing Assets/ASSETY BUDOWA/ezgif.com-gif-maker.png using Guid(38f7d60cdd2e35f4fb01258b772696a2) Importer(815301076,1909f56bfc062723c751e8b465ee728b)  -> (artifact id: '32f371e83c7974e860d34cd442fd2c69') in 0.145894 seconds 
========================================================================
Received Import Request.
  Time since last request: 33.364151 seconds.
  path: Assets/ASSETY BUDOWA/ezgif.com-gif-maker.png
  artifactKey: Guid(38f7d60cdd2e35f4fb01258b772696a2) Importer(815301076,1909f56bfc062723c751e8b465ee728b)
Start importing Assets/ASSETY BUDOWA/ezgif.com-gif-maker.png using Guid(38f7d60cdd2e35f4fb01258b772696a2) Importer(815301076,1909f56bfc062723c751e8b465ee728b)  -> (artifact id: 'f317449a90b72b5eb9d9725a7282a222') in 0.008527 seconds 
========================================================================
Received Import Request.
  Time since last request: 52.640611 seconds.
  path: Assets/ASSETY BUDOWA/ezgif.com-gif-maker.png
  artifactKey: Guid(38f7d60cdd2e35f4fb01258b772696a2) Importer(815301076,1909f56bfc062723c751e8b465ee728b)
Start importing Assets/ASSETY BUDOWA/ezgif.com-gif-maker.png using Guid(38f7d60cdd2e35f4fb01258b772696a2) Importer(815301076,1909f56bfc062723c751e8b465ee728b)  -> (artifact id: 'f2d443af159c392ded0bdf6ff99df0f6') in 0.020243 seconds 
========================================================================
Received Prepare
Registering precompiled user dll's ...
Registered in 0.005296 seconds.
Begin MonoManager ReloadAssembly
Symbol file LoadedFromMemory doesn't match image C:\Users\Admin\Desktop\kox gra\3d unity blender fps\Library\PackageCache\com.unity.visualscripting@1.6.1\Editor\VisualScripting.Core\Dependencies\YamlDotNet\Unity.VisualScripting.YamlDotNet.dll
Symbol file LoadedFromMemory doesn't match image C:\Users\Admin\Desktop\kox gra\3d unity blender fps\Library\PackageCache\com.unity.visualscripting@1.6.1\Editor\VisualScripting.Core\Dependencies\DotNetZip\Unity.VisualScripting.IonicZip.dll
Native extension for WindowsStandalone target not found
Refreshing native plugins compatible for Editor in 0.67 ms, found 3 plugins.
Preloading 0 native plugins for Editor in 0.00 ms.
Mono: successfully reloaded assembly
- Completed reload, in  0.825 seconds
Domain Reload Profiling:
	ReloadAssembly (825ms)
		BeginReloadAssembly (108ms)
			ExecutionOrderSort (0ms)
			DisableScriptedObjects (5ms)
			BackupInstance (0ms)
			ReleaseScriptingObjects (0ms)
			CreateAndSetChildDomain (31ms)
		EndReloadAssembly (674ms)
			LoadAssemblies (84ms)
			RebuildTransferFunctionScriptingTraits (0ms)
			SetupTypeCache (265ms)
			ReleaseScriptCaches (1ms)
			RebuildScriptCaches (32ms)
			SetupLoadedEditorAssemblies (219ms)
				LogAssemblyErrors (0ms)
				InitializePlatformSupportModulesInManaged (4ms)
				SetLoadedEditorAssemblies (0ms)
				RefreshPlugins (1ms)
				BeforeProcessingInitializeOnLoad (40ms)
				ProcessInitializeOnLoadAttributes (167ms)
				ProcessInitializeOnLoadMethodAttributes (5ms)
				AfterProcessingInitializeOnLoad (2ms)
				EditorAssembliesLoaded (0ms)
			ExecutionOrderSort2 (0ms)
			AwakeInstancesAfterBackupRestoration (13ms)
Platform modules already initialized, skipping
Refreshing native plugins compatible for Editor in 0.69 ms, found 3 plugins.
Preloading 0 native plugins for Editor in 0.00 ms.
Unloading 3242 Unused Serialized files (Serialized files now loaded: 0)
System memory in use before: 135.1 MB.
System memory in use after: 135.3 MB.

Unloading 20 unused Assets to reduce memory usage. Loaded Objects now: 4142.
Total: 2.946200 ms (FindLiveObjects: 0.263900 ms CreateObjectMapping: 0.137100 ms MarkObjects: 2.525700 ms  DeleteObjects: 0.018600 ms)

AssetImportParameters requested are different than current active one (requested -> active):
  custom:framework-win-MediaFoundation: 216162199b28c13a410421893ffa2e32 -> 
  custom:video-decoder-ogg-theora: a1e56fd34408186e4bbccfd4996cb3dc -> 
  custom:container-muxer-webm: aa71ff27fc2769a1b78a27578f13a17b -> 
  custom:container-demuxer-webm: 4f35f7cbe854078d1ac9338744f61a02 -> 
  custom:container-demuxer-ogg: 62fdf1f143b41e24485cea50d1cbac27 -> 
  custom:video-encoder-webm-vp8: eb34c28f22e8b96e1ab97ce403110664 -> 
  custom:video-codec-MediaFoundation-h265: 746d11721c4dcdbdad8f713fa42b33f4 -> 
  custom:video-decoder-webm-vp8: 9c59270c3fd7afecdb556c50c9e8de78 -> 
  custom:audio-decoder-ogg-vorbis: bf7c407c2cedff20999df2af8eb42d56 -> 
  custom:audio-encoder-webm-vorbis: bf7c407c2cedff20999df2af8eb42d56 -> 
========================================================================
Received Prepare
Registering precompiled user dll's ...
Registered in 0.005261 seconds.
Begin MonoManager ReloadAssembly
Symbol file LoadedFromMemory doesn't match image C:\Users\Admin\Desktop\kox gra\3d unity blender fps\Library\PackageCache\com.unity.visualscripting@1.6.1\Editor\VisualScripting.Core\Dependencies\YamlDotNet\Unity.VisualScripting.YamlDotNet.dll
Symbol file LoadedFromMemory doesn't match image C:\Users\Admin\Desktop\kox gra\3d unity blender fps\Library\PackageCache\com.unity.visualscripting@1.6.1\Editor\VisualScripting.Core\Dependencies\DotNetZip\Unity.VisualScripting.IonicZip.dll
Native extension for WindowsStandalone target not found
Refreshing native plugins compatible for Editor in 0.65 ms, found 3 plugins.
Preloading 0 native plugins for Editor in 0.00 ms.
Mono: successfully reloaded assembly
- Completed reload, in  0.837 seconds
Domain Reload Profiling:
	ReloadAssembly (837ms)
		BeginReloadAssembly (116ms)
			ExecutionOrderSort (0ms)
			DisableScriptedObjects (6ms)
			BackupInstance (0ms)
			ReleaseScriptingObjects (0ms)
			CreateAndSetChildDomain (27ms)
		EndReloadAssembly (675ms)
			LoadAssemblies (84ms)
			RebuildTransferFunctionScriptingTraits (0ms)
			SetupTypeCache (265ms)
			ReleaseScriptCaches (1ms)
			RebuildScriptCaches (35ms)
			SetupLoadedEditorAssemblies (219ms)
				LogAssemblyErrors (0ms)
				InitializePlatformSupportModulesInManaged (4ms)
				SetLoadedEditorAssemblies (0ms)
				RefreshPlugins (1ms)
				BeforeProcessingInitializeOnLoad (41ms)
				ProcessInitializeOnLoadAttributes (167ms)
				ProcessInitializeOnLoadMethodAttributes (5ms)
				AfterProcessingInitializeOnLoad (2ms)
				EditorAssembliesLoaded (0ms)
			ExecutionOrderSort2 (0ms)
			AwakeInstancesAfterBackupRestoration (13ms)
Platform modules already initialized, skipping
Refreshing native plugins compatible for Editor in 0.68 ms, found 3 plugins.
Preloading 0 native plugins for Editor in 0.00 ms.
Unloading 3242 Unused Serialized files (Serialized files now loaded: 0)
System memory in use before: 135.2 MB.
System memory in use after: 135.4 MB.

Unloading 20 unused Assets to reduce memory usage. Loaded Objects now: 4145.
Total: 2.591500 ms (FindLiveObjects: 0.265900 ms CreateObjectMapping: 0.155100 ms MarkObjects: 2.154700 ms  DeleteObjects: 0.014500 ms)

AssetImportParameters requested are different than current active one (requested -> active):
  custom:framework-win-MediaFoundation: 216162199b28c13a410421893ffa2e32 -> 
  custom:video-decoder-ogg-theora: a1e56fd34408186e4bbccfd4996cb3dc -> 
  custom:container-muxer-webm: aa71ff27fc2769a1b78a27578f13a17b -> 
  custom:container-demuxer-webm: 4f35f7cbe854078d1ac9338744f61a02 -> 
  custom:container-demuxer-ogg: 62fdf1f143b41e24485cea50d1cbac27 -> 
  custom:video-encoder-webm-vp8: eb34c28f22e8b96e1ab97ce403110664 -> 
  custom:video-codec-MediaFoundation-h265: 746d11721c4dcdbdad8f713fa42b33f4 -> 
  custom:video-decoder-webm-vp8: 9c59270c3fd7afecdb556c50c9e8de78 -> 
  custom:audio-decoder-ogg-vorbis: bf7c407c2cedff20999df2af8eb42d56 -> 
  custom:audio-encoder-webm-vorbis: bf7c407c2cedff20999df2af8eb42d56 -> 
========================================================================
Received Import Request.
  Time since last request: 178.001155 seconds.
  path: Assets/Scenes
  artifactKey: Guid(f132d55891feadc4db922e99360822a0) Importer(815301076,1909f56bfc062723c751e8b465ee728b)
Start importing Assets/Scenes using Guid(f132d55891feadc4db922e99360822a0) Importer(815301076,1909f56bfc062723c751e8b465ee728b)  -> (artifact id: '4dc71ba467f94c0b40de993a461c5d47') in 0.009359 seconds 
========================================================================
Received Import Request.
  Time since last request: 0.184347 seconds.
  path: Assets/Scenes/2979509.jpg
  artifactKey: Guid(116585888ab9f5940b98336cf44552c9) Importer(815301076,1909f56bfc062723c751e8b465ee728b)
Start importing Assets/Scenes/2979509.jpg using Guid(116585888ab9f5940b98336cf44552c9) Importer(815301076,1909f56bfc062723c751e8b465ee728b)  -> (artifact id: '706e0132ec696042874056f78e69d180') in 0.041914 seconds 
========================================================================
Received Import Request.
  Time since last request: 1.488623 seconds.
  path: Assets/Scenes/Multi.unity
  artifactKey: Guid(6c52aa6ac8892784da9a9944d9159519) Importer(815301076,1909f56bfc062723c751e8b465ee728b)
Start importing Assets/Scenes/Multi.unity using Guid(6c52aa6ac8892784da9a9944d9159519) Importer(815301076,1909f56bfc062723c751e8b465ee728b)  -> (artifact id: '60436b48e93f50da82a3d6b2b79e052d') in 0.004399 seconds 
========================================================================
Received Prepare
Registering precompiled user dll's ...
Registered in 0.005223 seconds.
Begin MonoManager ReloadAssembly
Symbol file LoadedFromMemory doesn't match image C:\Users\Admin\Desktop\kox gra\3d unity blender fps\Library\PackageCache\com.unity.visualscripting@1.6.1\Editor\VisualScripting.Core\Dependencies\YamlDotNet\Unity.VisualScripting.YamlDotNet.dll
Symbol file LoadedFromMemory doesn't match image C:\Users\Admin\Desktop\kox gra\3d unity blender fps\Library\PackageCache\com.unity.visualscripting@1.6.1\Editor\VisualScripting.Core\Dependencies\DotNetZip\Unity.VisualScripting.IonicZip.dll
Native extension for WindowsStandalone target not found
Refreshing native plugins compatible for Editor in 0.69 ms, found 3 plugins.
Preloading 0 native plugins for Editor in 0.00 ms.
Mono: successfully reloaded assembly
- Completed reload, in  0.819 seconds
Domain Reload Profiling:
	ReloadAssembly (819ms)
		BeginReloadAssembly (108ms)
			ExecutionOrderSort (0ms)
			DisableScriptedObjects (5ms)
			BackupInstance (0ms)
			ReleaseScriptingObjects (0ms)
			CreateAndSetChildDomain (29ms)
		EndReloadAssembly (669ms)
			LoadAssemblies (82ms)
			RebuildTransferFunctionScriptingTraits (0ms)
			SetupTypeCache (266ms)
			ReleaseScriptCaches (1ms)
			RebuildScriptCaches (33ms)
			SetupLoadedEditorAssemblies (215ms)
				LogAssemblyErrors (0ms)
				InitializePlatformSupportModulesInManaged (4ms)
				SetLoadedEditorAssemblies (0ms)
				RefreshPlugins (1ms)
				BeforeProcessingInitializeOnLoad (40ms)
				ProcessInitializeOnLoadAttributes (163ms)
				ProcessInitializeOnLoadMethodAttributes (5ms)
				AfterProcessingInitializeOnLoad (2ms)
				EditorAssembliesLoaded (0ms)
			ExecutionOrderSort2 (0ms)
			AwakeInstancesAfterBackupRestoration (12ms)
Platform modules already initialized, skipping
Refreshing native plugins compatible for Editor in 0.66 ms, found 3 plugins.
Preloading 0 native plugins for Editor in 0.00 ms.
Unloading 3243 Unused Serialized files (Serialized files now loaded: 0)
System memory in use before: 136.3 MB.
System memory in use after: 136.6 MB.

Unloading 20 unused Assets to reduce memory usage. Loaded Objects now: 4166.
Total: 2.992000 ms (FindLiveObjects: 0.271200 ms CreateObjectMapping: 0.168500 ms MarkObjects: 2.535300 ms  DeleteObjects: 0.016300 ms)

AssetImportParameters requested are different than current active one (requested -> active):
  custom:framework-win-MediaFoundation: 216162199b28c13a410421893ffa2e32 -> 
  custom:video-decoder-ogg-theora: a1e56fd34408186e4bbccfd4996cb3dc -> 
  custom:container-muxer-webm: aa71ff27fc2769a1b78a27578f13a17b -> 
  custom:container-demuxer-webm: 4f35f7cbe854078d1ac9338744f61a02 -> 
  custom:container-demuxer-ogg: 62fdf1f143b41e24485cea50d1cbac27 -> 
  custom:video-encoder-webm-vp8: eb34c28f22e8b96e1ab97ce403110664 -> 
  custom:video-codec-MediaFoundation-h265: 746d11721c4dcdbdad8f713fa42b33f4 -> 
  custom:video-decoder-webm-vp8: 9c59270c3fd7afecdb556c50c9e8de78 -> 
  custom:audio-decoder-ogg-vorbis: bf7c407c2cedff20999df2af8eb42d56 -> 
  custom:audio-encoder-webm-vorbis: bf7c407c2cedff20999df2af8eb42d56 -> 
========================================================================
Received Import Request.
  Time since last request: 2.900243 seconds.
  path: Assets/Scenes/Multi.unity
  artifactKey: Guid(6c52aa6ac8892784da9a9944d9159519) Importer(815301076,1909f56bfc062723c751e8b465ee728b)
Start importing Assets/Scenes/Multi.unity using Guid(6c52aa6ac8892784da9a9944d9159519) Importer(815301076,1909f56bfc062723c751e8b465ee728b)  -> (artifact id: 'e12ce0b6797f3e7675e75254bcb26105') in 0.011894 seconds 
========================================================================
Received Import Request.
  Time since last request: 0.330989 seconds.
  path: Assets/Scenes/Menu.unity
  artifactKey: Guid(4ce74d5624c0e77488ea4312653e53fc) Importer(815301076,1909f56bfc062723c751e8b465ee728b)
Start importing Assets/Scenes/Menu.unity using Guid(4ce74d5624c0e77488ea4312653e53fc) Importer(815301076,1909f56bfc062723c751e8b465ee728b)  -> (artifact id: '242d282fd2655558d3d64c5ba80f4d43') in 0.004469 seconds 
========================================================================
Received Import Request.
  Time since last request: 43.828207 seconds.
  path: Assets/Scenes/scistrike.png
  artifactKey: Guid(c800a81f07217b844b2af9247f476722) Importer(815301076,1909f56bfc062723c751e8b465ee728b)
Start importing Assets/Scenes/scistrike.png using Guid(c800a81f07217b844b2af9247f476722) Importer(815301076,1909f56bfc062723c751e8b465ee728b)  -> (artifact id: 'd8dfd7e5f6317cacbaf9245d84786f42') in 0.022402 seconds 
========================================================================
Received Import Request.
  Time since last request: 311.427050 seconds.
  path: Assets/Scenes/multi.png
  artifactKey: Guid(dfc54d7de86c8b545acc6c084b24202a) Importer(815301076,1909f56bfc062723c751e8b465ee728b)
Start importing Assets/Scenes/multi.png using Guid(dfc54d7de86c8b545acc6c084b24202a) Importer(815301076,1909f56bfc062723c751e8b465ee728b)  -> (artifact id: '16a511ce128360c5c1121aa20786692a') in 0.009417 seconds 
========================================================================
Received Import Request.
  Time since last request: 128.319873 seconds.
  path: Assets/Scenes/single.png
  artifactKey: Guid(0718e2b47fbff6a41b38034b4fdb980d) Importer(815301076,1909f56bfc062723c751e8b465ee728b)
Start importing Assets/Scenes/single.png using Guid(0718e2b47fbff6a41b38034b4fdb980d) Importer(815301076,1909f56bfc062723c751e8b465ee728b)  -> (artifact id: '9fceae59f78d145c35fa58df4af0e515') in 0.008724 seconds 
========================================================================
Received Import Request.
  Time since last request: 114.804706 seconds.
  path: Assets/Scenes/Menu.unity
  artifactKey: Guid(4ce74d5624c0e77488ea4312653e53fc) Importer(815301076,1909f56bfc062723c751e8b465ee728b)
Start importing Assets/Scenes/Menu.unity using Guid(4ce74d5624c0e77488ea4312653e53fc) Importer(815301076,1909f56bfc062723c751e8b465ee728b)  -> (artifact id: 'be458473b666eaa566f0445e88a7bd78') in 0.002184 seconds 
========================================================================
Received Import Request.
  Time since last request: 15.301005 seconds.
  path: Assets/Scenes/Game.unity
  artifactKey: Guid(56d0354b909ec824d9d1eff4c93d1d2c) Importer(815301076,1909f56bfc062723c751e8b465ee728b)
Start importing Assets/Scenes/Game.unity using Guid(56d0354b909ec824d9d1eff4c93d1d2c) Importer(815301076,1909f56bfc062723c751e8b465ee728b)  -> (artifact id: 'b23b545bbc228eca5f71916306ab7b93') in 0.005830 seconds 
========================================================================
Received Import Request.
  Time since last request: 147.443749 seconds.
  path: Assets/TextMesh Pro/Resources/Fonts & Materials/LiberationSans SDF - Drop Shadow.mat
  artifactKey: Guid(e73a58f6e2794ae7b1b7e50b7fb811b0) Importer(815301076,1909f56bfc062723c751e8b465ee728b)
Start importing Assets/TextMesh Pro/Resources/Fonts & Materials/LiberationSans SDF - Drop Shadow.mat using Guid(e73a58f6e2794ae7b1b7e50b7fb811b0) Importer(815301076,1909f56bfc062723c751e8b465ee728b)  -> (artifact id: '482a362b8fe5ce36b302051eaf90a735') in 0.050135 seconds 
========================================================================
Received Import Request.
  Time since last request: 0.000180 seconds.
  path: Assets/TextMesh Pro/Resources/Fonts & Materials/LiberationSans SDF - Outline.mat
  artifactKey: Guid(79459efec17a4d00a321bdcc27bbc385) Importer(815301076,1909f56bfc062723c751e8b465ee728b)
Start importing Assets/TextMesh Pro/Resources/Fonts & Materials/LiberationSans SDF - Outline.mat using Guid(79459efec17a4d00a321bdcc27bbc385) Importer(815301076,1909f56bfc062723c751e8b465ee728b)  -> (artifact id: '73bfc51c5222557aa47c55c3d1b82acd') in 0.022367 seconds 
========================================================================
Received Import Request.
  Time since last request: 0.000146 seconds.
  path: Assets/TextMesh Pro/Resources/Fonts & Materials/LiberationSans SDF - Fallback.asset
  artifactKey: Guid(2e498d1c8094910479dc3e1b768306a4) Importer(815301076,1909f56bfc062723c751e8b465ee728b)
Start importing Assets/TextMesh Pro/Resources/Fonts & Materials/LiberationSans SDF - Fallback.asset using Guid(2e498d1c8094910479dc3e1b768306a4) Importer(815301076,1909f56bfc062723c751e8b465ee728b)  -> (artifact id: '73c4f4f2da4d2ab57d901e0f40ae3f2f') in 0.040898 seconds 
========================================================================
Received Import Request.
  Time since last request: 0.000119 seconds.
  path: Assets/TextMesh Pro/Resources/Fonts & Materials/LiberationSans SDF.asset
  artifactKey: Guid(8f586378b4e144a9851e7b34d9b748ee) Importer(815301076,1909f56bfc062723c751e8b465ee728b)
Start importing Assets/TextMesh Pro/Resources/Fonts & Materials/LiberationSans SDF.asset using Guid(8f586378b4e144a9851e7b34d9b748ee) Importer(815301076,1909f56bfc062723c751e8b465ee728b)  -> (artifact id: 'f8b7c8c3e3c9a45adbdca63c88707d17') in 0.031347 seconds 
========================================================================
Received Import Request.
  Time since last request: 417.433828 seconds.
  path: Assets/Scenes/Multi.unity
  artifactKey: Guid(6c52aa6ac8892784da9a9944d9159519) Importer(815301076,1909f56bfc062723c751e8b465ee728b)
Start importing Assets/Scenes/Multi.unity using Guid(6c52aa6ac8892784da9a9944d9159519) Importer(815301076,1909f56bfc062723c751e8b465ee728b)  -> (artifact id: 'ccc5539c7baa53e30e3114a3c8dc2b2c') in 0.002962 seconds 
========================================================================
Received Prepare
Registering precompiled user dll's ...
Registered in 0.005349 seconds.
Begin MonoManager ReloadAssembly
Symbol file LoadedFromMemory doesn't match image C:\Users\Admin\Desktop\kox gra\3d unity blender fps\Library\PackageCache\com.unity.visualscripting@1.6.1\Editor\VisualScripting.Core\Dependencies\YamlDotNet\Unity.VisualScripting.YamlDotNet.dll
Symbol file LoadedFromMemory doesn't match image C:\Users\Admin\Desktop\kox gra\3d unity blender fps\Library\PackageCache\com.unity.visualscripting@1.6.1\Editor\VisualScripting.Core\Dependencies\DotNetZip\Unity.VisualScripting.IonicZip.dll
Native extension for WindowsStandalone target not found
Refreshing native plugins compatible for Editor in 0.73 ms, found 3 plugins.
Preloading 0 native plugins for Editor in 0.00 ms.
Mono: successfully reloaded assembly
- Completed reload, in  0.898 seconds
Domain Reload Profiling:
	ReloadAssembly (899ms)
		BeginReloadAssembly (118ms)
			ExecutionOrderSort (0ms)
			DisableScriptedObjects (7ms)
			BackupInstance (0ms)
			ReleaseScriptingObjects (0ms)
			CreateAndSetChildDomain (35ms)
		EndReloadAssembly (734ms)
			LoadAssemblies (93ms)
			RebuildTransferFunctionScriptingTraits (0ms)
			SetupTypeCache (287ms)
			ReleaseScriptCaches (1ms)
			RebuildScriptCaches (33ms)
			SetupLoadedEditorAssemblies (234ms)
				LogAssemblyErrors (0ms)
				InitializePlatformSupportModulesInManaged (4ms)
				SetLoadedEditorAssemblies (0ms)
				RefreshPlugins (1ms)
				BeforeProcessingInitializeOnLoad (42ms)
				ProcessInitializeOnLoadAttributes (178ms)
				ProcessInitializeOnLoadMethodAttributes (7ms)
				AfterProcessingInitializeOnLoad (2ms)
				EditorAssembliesLoaded (0ms)
			ExecutionOrderSort2 (0ms)
			AwakeInstancesAfterBackupRestoration (14ms)
Platform modules already initialized, skipping
Refreshing native plugins compatible for Editor in 0.69 ms, found 3 plugins.
Preloading 0 native plugins for Editor in 0.00 ms.
Unloading 3247 Unused Serialized files (Serialized files now loaded: 0)
System memory in use before: 140.7 MB.
System memory in use after: 140.9 MB.

Unloading 20 unused Assets to reduce memory usage. Loaded Objects now: 4285.
Total: 3.061400 ms (FindLiveObjects: 0.294600 ms CreateObjectMapping: 0.168300 ms MarkObjects: 2.577200 ms  DeleteObjects: 0.020400 ms)

AssetImportParameters requested are different than current active one (requested -> active):
  custom:framework-win-MediaFoundation: 216162199b28c13a410421893ffa2e32 -> 
  custom:video-decoder-ogg-theora: a1e56fd34408186e4bbccfd4996cb3dc -> 
  custom:container-muxer-webm: aa71ff27fc2769a1b78a27578f13a17b -> 
  custom:container-demuxer-webm: 4f35f7cbe854078d1ac9338744f61a02 -> 
  custom:container-demuxer-ogg: 62fdf1f143b41e24485cea50d1cbac27 -> 
  custom:video-encoder-webm-vp8: eb34c28f22e8b96e1ab97ce403110664 -> 
  custom:video-codec-MediaFoundation-h265: 746d11721c4dcdbdad8f713fa42b33f4 -> 
  custom:video-decoder-webm-vp8: 9c59270c3fd7afecdb556c50c9e8de78 -> 
  custom:audio-decoder-ogg-vorbis: bf7c407c2cedff20999df2af8eb42d56 -> 
  custom:audio-encoder-webm-vorbis: bf7c407c2cedff20999df2af8eb42d56 -> 
========================================================================
Received Prepare
Registering precompiled user dll's ...
Registered in 0.005430 seconds.
Begin MonoManager ReloadAssembly
Symbol file LoadedFromMemory doesn't match image C:\Users\Admin\Desktop\kox gra\3d unity blender fps\Library\PackageCache\com.unity.visualscripting@1.6.1\Editor\VisualScripting.Core\Dependencies\YamlDotNet\Unity.VisualScripting.YamlDotNet.dll
Symbol file LoadedFromMemory doesn't match image C:\Users\Admin\Desktop\kox gra\3d unity blender fps\Library\PackageCache\com.unity.visualscripting@1.6.1\Editor\VisualScripting.Core\Dependencies\DotNetZip\Unity.VisualScripting.IonicZip.dll
Native extension for WindowsStandalone target not found
Refreshing native plugins compatible for Editor in 0.71 ms, found 3 plugins.
Preloading 0 native plugins for Editor in 0.00 ms.
Mono: successfully reloaded assembly
- Completed reload, in  0.855 seconds
Domain Reload Profiling:
	ReloadAssembly (855ms)
		BeginReloadAssembly (108ms)
			ExecutionOrderSort (0ms)
			DisableScriptedObjects (7ms)
			BackupInstance (0ms)
			ReleaseScriptingObjects (0ms)
			CreateAndSetChildDomain (28ms)
		EndReloadAssembly (704ms)
			LoadAssemblies (85ms)
			RebuildTransferFunctionScriptingTraits (0ms)
			SetupTypeCache (277ms)
			ReleaseScriptCaches (1ms)
			RebuildScriptCaches (33ms)
			SetupLoadedEditorAssemblies (231ms)
				LogAssemblyErrors (0ms)
				InitializePlatformSupportModulesInManaged (4ms)
				SetLoadedEditorAssemblies (0ms)
				RefreshPlugins (1ms)
				BeforeProcessingInitializeOnLoad (48ms)
				ProcessInitializeOnLoadAttributes (171ms)
				ProcessInitializeOnLoadMethodAttributes (5ms)
				AfterProcessingInitializeOnLoad (2ms)
				EditorAssembliesLoaded (0ms)
			ExecutionOrderSort2 (0ms)
			AwakeInstancesAfterBackupRestoration (14ms)
Platform modules already initialized, skipping
Refreshing native plugins compatible for Editor in 0.68 ms, found 3 plugins.
Preloading 0 native plugins for Editor in 0.00 ms.
Unloading 3242 Unused Serialized files (Serialized files now loaded: 0)
System memory in use before: 140.6 MB.
System memory in use after: 140.8 MB.

Unloading 20 unused Assets to reduce memory usage. Loaded Objects now: 4288.
Total: 2.659500 ms (FindLiveObjects: 0.285700 ms CreateObjectMapping: 0.157400 ms MarkObjects: 2.199400 ms  DeleteObjects: 0.016400 ms)

AssetImportParameters requested are different than current active one (requested -> active):
  custom:framework-win-MediaFoundation: 216162199b28c13a410421893ffa2e32 -> 
  custom:video-decoder-ogg-theora: a1e56fd34408186e4bbccfd4996cb3dc -> 
  custom:container-muxer-webm: aa71ff27fc2769a1b78a27578f13a17b -> 
  custom:container-demuxer-webm: 4f35f7cbe854078d1ac9338744f61a02 -> 
  custom:container-demuxer-ogg: 62fdf1f143b41e24485cea50d1cbac27 -> 
  custom:video-encoder-webm-vp8: eb34c28f22e8b96e1ab97ce403110664 -> 
  custom:video-codec-MediaFoundation-h265: 746d11721c4dcdbdad8f713fa42b33f4 -> 
  custom:video-decoder-webm-vp8: 9c59270c3fd7afecdb556c50c9e8de78 -> 
  custom:audio-decoder-ogg-vorbis: bf7c407c2cedff20999df2af8eb42d56 -> 
  custom:audio-encoder-webm-vorbis: bf7c407c2cedff20999df2af8eb42d56 -> 
========================================================================
Received Import Request.
  Time since last request: 164.534441 seconds.
  path: Assets/Scenes/Menu.unity
  artifactKey: Guid(4ce74d5624c0e77488ea4312653e53fc) Importer(815301076,1909f56bfc062723c751e8b465ee728b)
Start importing Assets/Scenes/Menu.unity using Guid(4ce74d5624c0e77488ea4312653e53fc) Importer(815301076,1909f56bfc062723c751e8b465ee728b)  -> (artifact id: '4b1ccc1914c90c26a1fd839bd16198ec') in 0.013480 seconds 
========================================================================
Received Import Request.
  Time since last request: 43.452825 seconds.
  path: Assets/Scenes/Multi.unity
  artifactKey: Guid(6c52aa6ac8892784da9a9944d9159519) Importer(815301076,1909f56bfc062723c751e8b465ee728b)
Start importing Assets/Scenes/Multi.unity using Guid(6c52aa6ac8892784da9a9944d9159519) Importer(815301076,1909f56bfc062723c751e8b465ee728b)  -> (artifact id: '5fb5caa5020e2447d4fae53418071a20') in 0.005005 seconds 
========================================================================
Received Prepare
Registering precompiled user dll's ...
Registered in 0.005484 seconds.
Begin MonoManager ReloadAssembly
Symbol file LoadedFromMemory doesn't match image C:\Users\Admin\Desktop\kox gra\3d unity blender fps\Library\PackageCache\com.unity.visualscripting@1.6.1\Editor\VisualScripting.Core\Dependencies\YamlDotNet\Unity.VisualScripting.YamlDotNet.dll
Symbol file LoadedFromMemory doesn't match image C:\Users\Admin\Desktop\kox gra\3d unity blender fps\Library\PackageCache\com.unity.visualscripting@1.6.1\Editor\VisualScripting.Core\Dependencies\DotNetZip\Unity.VisualScripting.IonicZip.dll
Native extension for WindowsStandalone target not found
Refreshing native plugins compatible for Editor in 0.71 ms, found 3 plugins.
Preloading 0 native plugins for Editor in 0.00 ms.
Mono: successfully reloaded assembly
- Completed reload, in  0.894 seconds
Domain Reload Profiling:
	ReloadAssembly (894ms)
		BeginReloadAssembly (121ms)
			ExecutionOrderSort (0ms)
			DisableScriptedObjects (9ms)
			BackupInstance (0ms)
			ReleaseScriptingObjects (0ms)
			CreateAndSetChildDomain (37ms)
		EndReloadAssembly (724ms)
			LoadAssemblies (91ms)
			RebuildTransferFunctionScriptingTraits (0ms)
			SetupTypeCache (292ms)
			ReleaseScriptCaches (1ms)
			RebuildScriptCaches (34ms)
			SetupLoadedEditorAssemblies (227ms)
				LogAssemblyErrors (0ms)
				InitializePlatformSupportModulesInManaged (4ms)
				SetLoadedEditorAssemblies (0ms)
				RefreshPlugins (1ms)
				BeforeProcessingInitializeOnLoad (43ms)
				ProcessInitializeOnLoadAttributes (172ms)
				ProcessInitializeOnLoadMethodAttributes (5ms)
				AfterProcessingInitializeOnLoad (2ms)
				EditorAssembliesLoaded (0ms)
			ExecutionOrderSort2 (0ms)
			AwakeInstancesAfterBackupRestoration (14ms)
Platform modules already initialized, skipping
Refreshing native plugins compatible for Editor in 0.72 ms, found 3 plugins.
Preloading 0 native plugins for Editor in 0.00 ms.
Unloading 3242 Unused Serialized files (Serialized files now loaded: 0)
System memory in use before: 140.6 MB.
System memory in use after: 140.8 MB.

Unloading 20 unused Assets to reduce memory usage. Loaded Objects now: 4291.
Total: 3.041300 ms (FindLiveObjects: 0.347800 ms CreateObjectMapping: 0.225400 ms MarkObjects: 2.448000 ms  DeleteObjects: 0.019000 ms)

AssetImportParameters requested are different than current active one (requested -> active):
  custom:framework-win-MediaFoundation: 216162199b28c13a410421893ffa2e32 -> 
  custom:video-decoder-ogg-theora: a1e56fd34408186e4bbccfd4996cb3dc -> 
  custom:container-muxer-webm: aa71ff27fc2769a1b78a27578f13a17b -> 
  custom:container-demuxer-webm: 4f35f7cbe854078d1ac9338744f61a02 -> 
  custom:container-demuxer-ogg: 62fdf1f143b41e24485cea50d1cbac27 -> 
  custom:video-encoder-webm-vp8: eb34c28f22e8b96e1ab97ce403110664 -> 
  custom:video-codec-MediaFoundation-h265: 746d11721c4dcdbdad8f713fa42b33f4 -> 
  custom:video-decoder-webm-vp8: 9c59270c3fd7afecdb556c50c9e8de78 -> 
  custom:audio-decoder-ogg-vorbis: bf7c407c2cedff20999df2af8eb42d56 -> 
  custom:audio-encoder-webm-vorbis: bf7c407c2cedff20999df2af8eb42d56 -> 
========================================================================
Received Prepare
Registering precompiled user dll's ...
Registered in 0.005403 seconds.
Begin MonoManager ReloadAssembly
Symbol file LoadedFromMemory doesn't match image C:\Users\Admin\Desktop\kox gra\3d unity blender fps\Library\PackageCache\com.unity.visualscripting@1.6.1\Editor\VisualScripting.Core\Dependencies\YamlDotNet\Unity.VisualScripting.YamlDotNet.dll
Symbol file LoadedFromMemory doesn't match image C:\Users\Admin\Desktop\kox gra\3d unity blender fps\Library\PackageCache\com.unity.visualscripting@1.6.1\Editor\VisualScripting.Core\Dependencies\DotNetZip\Unity.VisualScripting.IonicZip.dll
Native extension for WindowsStandalone target not found
Refreshing native plugins compatible for Editor in 2.00 ms, found 3 plugins.
Preloading 0 native plugins for Editor in 0.00 ms.
Mono: successfully reloaded assembly
- Completed reload, in  1.596 seconds
Domain Reload Profiling:
	ReloadAssembly (1597ms)
		BeginReloadAssembly (122ms)
			ExecutionOrderSort (0ms)
			DisableScriptedObjects (7ms)
			BackupInstance (0ms)
			ReleaseScriptingObjects (0ms)
			CreateAndSetChildDomain (28ms)
		EndReloadAssembly (1432ms)
			LoadAssemblies (91ms)
			RebuildTransferFunctionScriptingTraits (0ms)
			SetupTypeCache (277ms)
			ReleaseScriptCaches (1ms)
			RebuildScriptCaches (153ms)
			SetupLoadedEditorAssemblies (494ms)
				LogAssemblyErrors (0ms)
				InitializePlatformSupportModulesInManaged (48ms)
				SetLoadedEditorAssemblies (1ms)
				RefreshPlugins (2ms)
				BeforeProcessingInitializeOnLoad (251ms)
				ProcessInitializeOnLoadAttributes (185ms)
				ProcessInitializeOnLoadMethodAttributes (5ms)
				AfterProcessingInitializeOnLoad (2ms)
				EditorAssembliesLoaded (0ms)
			ExecutionOrderSort2 (0ms)
			AwakeInstancesAfterBackupRestoration (14ms)
Platform modules already initialized, skipping
Refreshing native plugins compatible for Editor in 1.37 ms, found 3 plugins.
Preloading 0 native plugins for Editor in 0.00 ms.
Unloading 3242 Unused Serialized files (Serialized files now loaded: 0)
System memory in use before: 140.6 MB.
System memory in use after: 140.8 MB.

Unloading 20 unused Assets to reduce memory usage. Loaded Objects now: 4294.
Total: 4.791000 ms (FindLiveObjects: 0.446400 ms CreateObjectMapping: 0.287200 ms MarkObjects: 4.026700 ms  DeleteObjects: 0.029400 ms)

AssetImportParameters requested are different than current active one (requested -> active):
  custom:framework-win-MediaFoundation: 216162199b28c13a410421893ffa2e32 -> 
  custom:video-decoder-ogg-theora: a1e56fd34408186e4bbccfd4996cb3dc -> 
  custom:container-muxer-webm: aa71ff27fc2769a1b78a27578f13a17b -> 
  custom:container-demuxer-webm: 4f35f7cbe854078d1ac9338744f61a02 -> 
  custom:container-demuxer-ogg: 62fdf1f143b41e24485cea50d1cbac27 -> 
  custom:video-encoder-webm-vp8: eb34c28f22e8b96e1ab97ce403110664 -> 
  custom:video-codec-MediaFoundation-h265: 746d11721c4dcdbdad8f713fa42b33f4 -> 
  custom:video-decoder-webm-vp8: 9c59270c3fd7afecdb556c50c9e8de78 -> 
  custom:audio-decoder-ogg-vorbis: bf7c407c2cedff20999df2af8eb42d56 -> 
  custom:audio-encoder-webm-vorbis: bf7c407c2cedff20999df2af8eb42d56 -> 
========================================================================
Received Prepare
Refreshing native plugins compatible for Editor in 3.89 ms, found 3 plugins.
Preloading 0 native plugins for Editor in 0.00 ms.
Unloading 18 Unused Serialized files (Serialized files now loaded: 0)
System memory in use before: 76.8 MB.
System memory in use after: 77.0 MB.

Unloading 18 unused Assets to reduce memory usage. Loaded Objects now: 4294.
Total: 2.762400 ms (FindLiveObjects: 0.296800 ms CreateObjectMapping: 0.162200 ms MarkObjects: 2.292500 ms  DeleteObjects: 0.010400 ms)

AssetImportParameters requested are different than current active one (requested -> active):
  custom:framework-win-MediaFoundation: 216162199b28c13a410421893ffa2e32 -> 
  custom:video-decoder-ogg-theora: a1e56fd34408186e4bbccfd4996cb3dc -> 
  custom:container-muxer-webm: aa71ff27fc2769a1b78a27578f13a17b -> 
  custom:container-demuxer-webm: 4f35f7cbe854078d1ac9338744f61a02 -> 
  custom:container-demuxer-ogg: 62fdf1f143b41e24485cea50d1cbac27 -> 
  custom:video-encoder-webm-vp8: eb34c28f22e8b96e1ab97ce403110664 -> 
  custom:video-codec-MediaFoundation-h265: 746d11721c4dcdbdad8f713fa42b33f4 -> 
  custom:video-decoder-webm-vp8: 9c59270c3fd7afecdb556c50c9e8de78 -> 
  custom:audio-decoder-ogg-vorbis: bf7c407c2cedff20999df2af8eb42d56 -> 
  custom:audio-encoder-webm-vorbis: bf7c407c2cedff20999df2af8eb42d56 -> 
========================================================================
Received Import Request.
  Time since last request: 168.969223 seconds.
  path: Assets/Scenes/Multi.unity
  artifactKey: Guid(6c52aa6ac8892784da9a9944d9159519) Importer(815301076,1909f56bfc062723c751e8b465ee728b)
Start importing Assets/Scenes/Multi.unity using Guid(6c52aa6ac8892784da9a9944d9159519) Importer(815301076,1909f56bfc062723c751e8b465ee728b)  -> (artifact id: '28173a04acd40f8eb0f2964d98768f0f') in 0.013352 seconds 
========================================================================
Received Prepare
Registering precompiled user dll's ...
Registered in 0.005574 seconds.
Begin MonoManager ReloadAssembly
Symbol file LoadedFromMemory doesn't match image C:\Users\Admin\Desktop\kox gra\3d unity blender fps\Library\PackageCache\com.unity.visualscripting@1.6.1\Editor\VisualScripting.Core\Dependencies\YamlDotNet\Unity.VisualScripting.YamlDotNet.dll
Symbol file LoadedFromMemory doesn't match image C:\Users\Admin\Desktop\kox gra\3d unity blender fps\Library\PackageCache\com.unity.visualscripting@1.6.1\Editor\VisualScripting.Core\Dependencies\DotNetZip\Unity.VisualScripting.IonicZip.dll
Native extension for WindowsStandalone target not found
Refreshing native plugins compatible for Editor in 0.73 ms, found 3 plugins.
Preloading 0 native plugins for Editor in 0.00 ms.
Mono: successfully reloaded assembly
- Completed reload, in  0.846 seconds
Domain Reload Profiling:
	ReloadAssembly (847ms)
		BeginReloadAssembly (115ms)
			ExecutionOrderSort (0ms)
			DisableScriptedObjects (7ms)
			BackupInstance (0ms)
			ReleaseScriptingObjects (0ms)
			CreateAndSetChildDomain (32ms)
		EndReloadAssembly (688ms)
			LoadAssemblies (85ms)
			RebuildTransferFunctionScriptingTraits (0ms)
			SetupTypeCache (275ms)
			ReleaseScriptCaches (1ms)
			RebuildScriptCaches (34ms)
			SetupLoadedEditorAssemblies (222ms)
				LogAssemblyErrors (0ms)
				InitializePlatformSupportModulesInManaged (4ms)
				SetLoadedEditorAssemblies (0ms)
				RefreshPlugins (1ms)
				BeforeProcessingInitializeOnLoad (41ms)
				ProcessInitializeOnLoadAttributes (169ms)
				ProcessInitializeOnLoadMethodAttributes (5ms)
				AfterProcessingInitializeOnLoad (2ms)
				EditorAssembliesLoaded (0ms)
			ExecutionOrderSort2 (0ms)
			AwakeInstancesAfterBackupRestoration (13ms)
Platform modules already initialized, skipping
Refreshing native plugins compatible for Editor in 0.72 ms, found 3 plugins.
Preloading 0 native plugins for Editor in 0.00 ms.
Unloading 3242 Unused Serialized files (Serialized files now loaded: 0)
System memory in use before: 140.7 MB.
System memory in use after: 141.0 MB.

Unloading 20 unused Assets to reduce memory usage. Loaded Objects now: 4297.
Total: 2.808000 ms (FindLiveObjects: 0.267200 ms CreateObjectMapping: 0.149200 ms MarkObjects: 2.374600 ms  DeleteObjects: 0.016000 ms)

AssetImportParameters requested are different than current active one (requested -> active):
  custom:framework-win-MediaFoundation: 216162199b28c13a410421893ffa2e32 -> 
  custom:video-decoder-ogg-theora: a1e56fd34408186e4bbccfd4996cb3dc -> 
  custom:container-muxer-webm: aa71ff27fc2769a1b78a27578f13a17b -> 
  custom:container-demuxer-webm: 4f35f7cbe854078d1ac9338744f61a02 -> 
  custom:container-demuxer-ogg: 62fdf1f143b41e24485cea50d1cbac27 -> 
  custom:video-encoder-webm-vp8: eb34c28f22e8b96e1ab97ce403110664 -> 
  custom:video-codec-MediaFoundation-h265: 746d11721c4dcdbdad8f713fa42b33f4 -> 
  custom:video-decoder-webm-vp8: 9c59270c3fd7afecdb556c50c9e8de78 -> 
  custom:audio-decoder-ogg-vorbis: bf7c407c2cedff20999df2af8eb42d56 -> 
  custom:audio-encoder-webm-vorbis: bf7c407c2cedff20999df2af8eb42d56 -> 
========================================================================
Received Import Request.
  Time since last request: 44.329078 seconds.
  path: Assets/Scenes/Menu.unity
  artifactKey: Guid(4ce74d5624c0e77488ea4312653e53fc) Importer(815301076,1909f56bfc062723c751e8b465ee728b)
Start importing Assets/Scenes/Menu.unity using Guid(4ce74d5624c0e77488ea4312653e53fc) Importer(815301076,1909f56bfc062723c751e8b465ee728b)  -> (artifact id: 'f9720ec87d8dbdd00a76102c2bf0530b') in 0.012188 seconds 
========================================================================
Received Import Request.
  Time since last request: 1.840419 seconds.
  path: Assets/Scenes/SampleScene.unity
  artifactKey: Guid(9fc0d4010bbf28b4594072e72b8655ab) Importer(815301076,1909f56bfc062723c751e8b465ee728b)
Start importing Assets/Scenes/SampleScene.unity using Guid(9fc0d4010bbf28b4594072e72b8655ab) Importer(815301076,1909f56bfc062723c751e8b465ee728b)  -> (artifact id: 'b97965bc2bfee9d015f2b9609701d524') in 0.004977 seconds 
========================================================================
Received Prepare
Registering precompiled user dll's ...
Registered in 0.005306 seconds.
Begin MonoManager ReloadAssembly
Symbol file LoadedFromMemory doesn't match image C:\Users\Admin\Desktop\kox gra\3d unity blender fps\Library\PackageCache\com.unity.visualscripting@1.6.1\Editor\VisualScripting.Core\Dependencies\YamlDotNet\Unity.VisualScripting.YamlDotNet.dll
Symbol file LoadedFromMemory doesn't match image C:\Users\Admin\Desktop\kox gra\3d unity blender fps\Library\PackageCache\com.unity.visualscripting@1.6.1\Editor\VisualScripting.Core\Dependencies\DotNetZip\Unity.VisualScripting.IonicZip.dll
Native extension for WindowsStandalone target not found
Refreshing native plugins compatible for Editor in 0.67 ms, found 3 plugins.
Preloading 0 native plugins for Editor in 0.00 ms.
Mono: successfully reloaded assembly
- Completed reload, in  0.832 seconds
Domain Reload Profiling:
	ReloadAssembly (832ms)
		BeginReloadAssembly (107ms)
			ExecutionOrderSort (0ms)
			DisableScriptedObjects (7ms)
			BackupInstance (0ms)
			ReleaseScriptingObjects (0ms)
			CreateAndSetChildDomain (27ms)
		EndReloadAssembly (682ms)
			LoadAssemblies (82ms)
			RebuildTransferFunctionScriptingTraits (0ms)
			SetupTypeCache (265ms)
			ReleaseScriptCaches (1ms)
			RebuildScriptCaches (33ms)
			SetupLoadedEditorAssemblies (222ms)
				LogAssemblyErrors (0ms)
				InitializePlatformSupportModulesInManaged (4ms)
				SetLoadedEditorAssemblies (0ms)
				RefreshPlugins (1ms)
				BeforeProcessingInitializeOnLoad (42ms)
				ProcessInitializeOnLoadAttributes (168ms)
				ProcessInitializeOnLoadMethodAttributes (5ms)
				AfterProcessingInitializeOnLoad (2ms)
				EditorAssembliesLoaded (0ms)
			ExecutionOrderSort2 (0ms)
			AwakeInstancesAfterBackupRestoration (14ms)
Platform modules already initialized, skipping
Refreshing native plugins compatible for Editor in 0.78 ms, found 3 plugins.
Preloading 0 native plugins for Editor in 0.00 ms.
Unloading 3242 Unused Serialized files (Serialized files now loaded: 0)
System memory in use before: 140.7 MB.
System memory in use after: 141.0 MB.

Unloading 20 unused Assets to reduce memory usage. Loaded Objects now: 4300.
Total: 2.712100 ms (FindLiveObjects: 0.282100 ms CreateObjectMapping: 0.197800 ms MarkObjects: 2.214800 ms  DeleteObjects: 0.016800 ms)

AssetImportParameters requested are different than current active one (requested -> active):
  custom:framework-win-MediaFoundation: 216162199b28c13a410421893ffa2e32 -> 
  custom:video-decoder-ogg-theora: a1e56fd34408186e4bbccfd4996cb3dc -> 
  custom:container-muxer-webm: aa71ff27fc2769a1b78a27578f13a17b -> 
  custom:container-demuxer-webm: 4f35f7cbe854078d1ac9338744f61a02 -> 
  custom:container-demuxer-ogg: 62fdf1f143b41e24485cea50d1cbac27 -> 
  custom:video-encoder-webm-vp8: eb34c28f22e8b96e1ab97ce403110664 -> 
  custom:video-codec-MediaFoundation-h265: 746d11721c4dcdbdad8f713fa42b33f4 -> 
  custom:video-decoder-webm-vp8: 9c59270c3fd7afecdb556c50c9e8de78 -> 
  custom:audio-decoder-ogg-vorbis: bf7c407c2cedff20999df2af8eb42d56 -> 
  custom:audio-encoder-webm-vorbis: bf7c407c2cedff20999df2af8eb42d56 -> 
========================================================================
Received Prepare
Refreshing native plugins compatible for Editor in 3.89 ms, found 3 plugins.
Preloading 0 native plugins for Editor in 0.00 ms.
Unloading 18 Unused Serialized files (Serialized files now loaded: 0)
System memory in use before: 76.9 MB.
System memory in use after: 77.2 MB.

Unloading 18 unused Assets to reduce memory usage. Loaded Objects now: 4300.
Total: 2.670900 ms (FindLiveObjects: 0.271300 ms CreateObjectMapping: 0.177000 ms MarkObjects: 2.210000 ms  DeleteObjects: 0.012100 ms)

AssetImportParameters requested are different than current active one (requested -> active):
  custom:framework-win-MediaFoundation: 216162199b28c13a410421893ffa2e32 -> 
  custom:video-decoder-ogg-theora: a1e56fd34408186e4bbccfd4996cb3dc -> 
  custom:container-muxer-webm: aa71ff27fc2769a1b78a27578f13a17b -> 
  custom:container-demuxer-webm: 4f35f7cbe854078d1ac9338744f61a02 -> 
  custom:container-demuxer-ogg: 62fdf1f143b41e24485cea50d1cbac27 -> 
  custom:video-encoder-webm-vp8: eb34c28f22e8b96e1ab97ce403110664 -> 
  custom:video-codec-MediaFoundation-h265: 746d11721c4dcdbdad8f713fa42b33f4 -> 
  custom:video-decoder-webm-vp8: 9c59270c3fd7afecdb556c50c9e8de78 -> 
  custom:audio-decoder-ogg-vorbis: bf7c407c2cedff20999df2af8eb42d56 -> 
  custom:audio-encoder-webm-vorbis: bf7c407c2cedff20999df2af8eb42d56 -> 
AssetImportWorkerClient::OnTransportError - code=2 error=End of file
